-------------------------------------------------------------------------------
Test set: edu.bsuir.test.candidate.TextFieldTest
-------------------------------------------------------------------------------
Tests run: 28, Failures: 6, Errors: 1, Skipped: 0, Time elapsed: 1,437.828 s <<< FAILURE! - in edu.bsuir.test.candidate.TextFieldTest
сheckSpecialSymbolsAtDesiredPosition(edu.bsuir.test.candidate.TextFieldTest)  Time elapsed: 40.137 s  <<< FAILURE!
java.lang.AssertionError
	at edu.bsuir.test.candidate.TextFieldTest.сheckSpecialSymbolsAtDesiredPosition(TextFieldTest.java:338)

сheckLenghtOfCity(edu.bsuir.test.candidate.TextFieldTest)  Time elapsed: 40.094 s  <<< FAILURE!
java.lang.AssertionError
	at edu.bsuir.test.candidate.TextFieldTest.сheckLenghtOfCity(TextFieldTest.java:298)

сheckLenghtOfAdditionalInfo(edu.bsuir.test.candidate.TextFieldTest)  Time elapsed: 251.017 s  <<< ERROR!
org.openqa.selenium.WebDriverException: 
unknown error: Element <div class="tc-theme-page-name">...</div> is not clickable at point (707, 18). Other element would receive the click: <div id="heading">...</div>
  (Session info: chrome=65.0.3325.181)
  (Driver info: chromedriver=2.37.544315 (730aa6a5fdba159ac9f4c1e8cbc59bf1b5ce12b7),platform=Windows NT 6.3.9600 x86_64) (WARNING: The server did not provide any stacktrace information)
Command duration or timeout: 0 milliseconds
Build info: version: '3.11.0', revision: 'e59cfb3', time: '2018-03-11T20:26:55.152Z'
System info: host: 'ANYA', ip: '192.168.229.1', os.name: 'Windows 8.1', os.arch: 'x86', os.version: '6.3', java.version: '1.8.0_20'
Driver info: org.openqa.selenium.chrome.ChromeDriver
Capabilities {acceptInsecureCerts: false, acceptSslCerts: false, applicationCacheEnabled: false, browserConnectionEnabled: false, browserName: chrome, chrome: {chromedriverVersion: 2.37.544315 (730aa6a5fdba15..., userDataDir: C:\Users\0737~1\AppData\Loc...}, cssSelectorsEnabled: true, databaseEnabled: false, handlesAlerts: true, hasTouchScreen: false, javascriptEnabled: true, locationContextEnabled: true, mobileEmulationEnabled: false, nativeEvents: true, networkConnectionEnabled: false, pageLoadStrategy: normal, platform: XP, platformName: XP, rotatable: false, setWindowRect: true, takesHeapSnapshot: true, takesScreenshot: true, unexpectedAlertBehaviour: , unhandledPromptBehavior: , version: 65.0.3325.181, webStorageEnabled: true}
Session ID: 030e4a1a19ba8277b8b952f293f76720
	at edu.bsuir.test.candidate.TextFieldTest.сheckLenghtOfAdditionalInfo(TextFieldTest.java:402)

сheckLenghtOfDesiredPosition(edu.bsuir.test.candidate.TextFieldTest)  Time elapsed: 28.952 s  <<< FAILURE!
java.lang.AssertionError
	at edu.bsuir.test.candidate.TextFieldTest.сheckLenghtOfDesiredPosition(TextFieldTest.java:351)

сheckSpecialSymbolsAtCity(edu.bsuir.test.candidate.TextFieldTest)  Time elapsed: 38.476 s  <<< FAILURE!
java.lang.AssertionError
	at edu.bsuir.test.candidate.TextFieldTest.сheckSpecialSymbolsAtCity(TextFieldTest.java:285)

сheckNumberAtCity(edu.bsuir.test.candidate.TextFieldTest)  Time elapsed: 39.657 s  <<< FAILURE!
java.lang.AssertionError
	at edu.bsuir.test.candidate.TextFieldTest.сheckNumberAtCity(TextFieldTest.java:272)

сheckNumberAtDesiredPosition(edu.bsuir.test.candidate.TextFieldTest)  Time elapsed: 40.75 s  <<< FAILURE!
java.lang.AssertionError
	at edu.bsuir.test.candidate.TextFieldTest.сheckNumberAtDesiredPosition(TextFieldTest.java:325)

