-------------------------------------------------------------------------------
Test set: edu.bsuir.test.candidate.CreateCandidateTest
-------------------------------------------------------------------------------
Tests run: 17, Failures: 5, Errors: 0, Skipped: 0, Time elapsed: 716.693 s <<< FAILURE! - in edu.bsuir.test.candidate.CreateCandidateTest
сheckCreateFirstNameStartAndEndWithSpace(edu.bsuir.test.candidate.CreateCandidateTest)  Time elapsed: 33.681 s  <<< FAILURE!
org.junit.ComparisonFailure: expected:<[Korenchuk Anna]> but was:<[Создание резюме]>
	at edu.bsuir.test.candidate.CreateCandidateTest.сheckCreateFirstNameStartAndEndWithSpace(CreateCandidateTest.java:130)

сheckCreatePhoneStartAndEndWithSpace(edu.bsuir.test.candidate.CreateCandidateTest)  Time elapsed: 62.976 s  <<< FAILURE!
java.lang.AssertionError: By.xpath: //div[@id='primaryTelephone'] is not found. 
	at edu.bsuir.test.candidate.CreateCandidateTest.сheckCreatePhoneStartAndEndWithSpace(CreateCandidateTest.java:226)

сheckCreateLastNameStartAndEndWithSpace(edu.bsuir.test.candidate.CreateCandidateTest)  Time elapsed: 31.919 s  <<< FAILURE!
org.junit.ComparisonFailure: expected:<[Korenchuk Anna]> but was:<[Создание резюме]>
	at edu.bsuir.test.candidate.CreateCandidateTest.сheckCreateLastNameStartAndEndWithSpace(CreateCandidateTest.java:178)

сheckCreateCadidateProfile(edu.bsuir.test.candidate.CreateCandidateTest)  Time elapsed: 32.497 s  <<< FAILURE!
org.junit.ComparisonFailure: expected:<[Korenchuk Anna]> but was:<[Создание резюме]>
	at edu.bsuir.test.candidate.CreateCandidateTest.сheckCreateCadidateProfile(CreateCandidateTest.java:92)

сheckCreateMailStartAndEndWithSpace(edu.bsuir.test.candidate.CreateCandidateTest)  Time elapsed: 40.464 s  <<< FAILURE!
java.lang.AssertionError: By.xpath: //div[@id='primaryEmail']	 is not found. 
	at edu.bsuir.test.candidate.CreateCandidateTest.сheckCreateMailStartAndEndWithSpace(CreateCandidateTest.java:273)

