-------------------------------------------------------------------------------
Test set: edu.bsuir.test.candidate.CreateCandidateTest
-------------------------------------------------------------------------------
Tests run: 17, Failures: 6, Errors: 0, Skipped: 0, Time elapsed: 868.009 s <<< FAILURE! - in edu.bsuir.test.candidate.CreateCandidateTest
сheckCreateFirstNameStartAndEndWithSpace(edu.bsuir.test.candidate.CreateCandidateTest)  Time elapsed: 37.709 s  <<< FAILURE!
org.junit.ComparisonFailure: expected:<[Korenchuk Anna]> but was:<[Создание резюме]>
	at edu.bsuir.test.candidate.CreateCandidateTest.сheckCreateFirstNameStartAndEndWithSpace(CreateCandidateTest.java:130)

сheckCreatePhoneStartAndEndWithSpace(edu.bsuir.test.candidate.CreateCandidateTest)  Time elapsed: 39.694 s  <<< FAILURE!
java.lang.AssertionError: By.xpath: //div[@id='primaryTelephone'] is not found. 
	at edu.bsuir.test.candidate.CreateCandidateTest.сheckCreatePhoneStartAndEndWithSpace(CreateCandidateTest.java:226)

сheckCreateLastNameStartAndEndWithSpace(edu.bsuir.test.candidate.CreateCandidateTest)  Time elapsed: 31.165 s  <<< FAILURE!
org.junit.ComparisonFailure: expected:<[Korenchuk Anna]> but was:<[Создание резюме]>
	at edu.bsuir.test.candidate.CreateCandidateTest.сheckCreateLastNameStartAndEndWithSpace(CreateCandidateTest.java:178)

сheckCreateMailWithSpace(edu.bsuir.test.candidate.CreateCandidateTest)  Time elapsed: 124.629 s  <<< FAILURE!
java.lang.AssertionError: By.xpath: //div[@class='tc-theme-navigationFieldText' and text()=' Кандидаты '] is not clickable. 
	at edu.bsuir.test.candidate.CreateCandidateTest.init(CreateCandidateTest.java:41)

сheckCreateCadidateProfile(edu.bsuir.test.candidate.CreateCandidateTest)  Time elapsed: 123.552 s  <<< FAILURE!
java.lang.AssertionError: By.xpath: //div[@class='tc-theme-navigationFieldText' and text()=' Кандидаты '] is not clickable. 
	at edu.bsuir.test.candidate.CreateCandidateTest.init(CreateCandidateTest.java:41)

сheckCreateMailStartAndEndWithSpace(edu.bsuir.test.candidate.CreateCandidateTest)  Time elapsed: 40.808 s  <<< FAILURE!
java.lang.AssertionError: By.xpath: //div[@id='primaryEmail']	 is not found. 
	at edu.bsuir.test.candidate.CreateCandidateTest.сheckCreateMailStartAndEndWithSpace(CreateCandidateTest.java:273)

