-------------------------------------------------------------------------------
Test set: edu.bsuir.test.candidate.DateTest
-------------------------------------------------------------------------------
Tests run: 9, Failures: 2, Errors: 0, Skipped: 0, Time elapsed: 322.396 s <<< FAILURE! - in edu.bsuir.test.candidate.DateTest
сheckDateInFormateDDMMYY(edu.bsuir.test.candidate.DateTest)  Time elapsed: 27.793 s  <<< FAILURE!
java.lang.AssertionError
	at edu.bsuir.test.candidate.DateTest.сheckDateInFormateDDMMYY(DateTest.java:78)

сheckAnrealYear(edu.bsuir.test.candidate.DateTest)  Time elapsed: 35.706 s  <<< FAILURE!
java.lang.AssertionError
	at edu.bsuir.test.candidate.DateTest.сheckAnrealYear(DateTest.java:123)

