-------------------------------------------------------------------------------
Test set: edu.bsuir.test.candidate.AdditionResumeTest
-------------------------------------------------------------------------------
Tests run: 3, Failures: 0, Errors: 3, Skipped: 0, Time elapsed: 113.205 s <<< FAILURE! - in edu.bsuir.test.candidate.AdditionResumeTest
loadResumeDOC(edu.bsuir.test.candidate.AdditionResumeTest)  Time elapsed: 37.556 s  <<< ERROR!
java.lang.IllegalArgumentException: Invalid key code
	at edu.bsuir.test.candidate.AdditionResumeTest.loadResumeDOC(AdditionResumeTest.java:46)

loadResumePDF(edu.bsuir.test.candidate.AdditionResumeTest)  Time elapsed: 30.129 s  <<< ERROR!
java.lang.IllegalArgumentException: Invalid key code
	at edu.bsuir.test.candidate.AdditionResumeTest.loadResumePDF(AdditionResumeTest.java:74)

loadOtherResumeDOC(edu.bsuir.test.candidate.AdditionResumeTest)  Time elapsed: 33.783 s  <<< ERROR!
java.lang.IllegalArgumentException: Invalid key code
	at edu.bsuir.test.candidate.AdditionResumeTest.loadOtherResumeDOC(AdditionResumeTest.java:57)

