-------------------------------------------------------------------------------
Test set: edu.bsuir.test.ApplicationForWorkTest
-------------------------------------------------------------------------------
Tests run: 6, Failures: 2, Errors: 0, Skipped: 0, Time elapsed: 796.406 s <<< FAILURE! - in edu.bsuir.test.ApplicationForWorkTest
checkCreateVacancy(edu.bsuir.test.ApplicationForWorkTest)  Time elapsed: 167.492 s  <<< FAILURE!
org.junit.ComparisonFailure: expected:<[Создание вакансии] - Конструктор Талан...> but was:<[programmer] - Конструктор Талан...>
	at edu.bsuir.test.ApplicationForWorkTest.checkCreateVacancy(ApplicationForWorkTest.java:274)

checkApprove(edu.bsuir.test.ApplicationForWorkTest)  Time elapsed: 107.672 s  <<< FAILURE!
java.lang.AssertionError: By.xpath: //a[@id='reviewButton'] is not found. 
	at edu.bsuir.test.ApplicationForWorkTest.checkApprove(ApplicationForWorkTest.java:208)

