<?xml version="1.0" encoding="UTF-8"?>
<testsuite xmlns:xsi="http://www.w3.org/2001/XMLSchema-instance" xsi:noNamespaceSchemaLocation="https://maven.apache.org/surefire/maven-surefire-plugin/xsd/surefire-test-report.xsd" name="edu.bsuir.test.candidate.CreateCandidateTest" time="716.693" tests="17" errors="0" skipped="0" failures="5">
  <properties>
[...]
</properties>
  <testcase name="сheckCreateFirstNameStartAndEndWithSpace" classname="edu.bsuir.test.candidate.CreateCandidateTest" time="33.681">
    <failure message="expected:&lt;[Korenchuk Anna]&gt; but was:&lt;[Создание резюме]&gt;" type="org.junit.ComparisonFailure"><![CDATA[org.junit.ComparisonFailure: expected:<[Korenchuk Anna]> but was:<[Создание резюме]>
	at edu.bsuir.test.candidate.CreateCandidateTest.сheckCreateFirstNameStartAndEndWithSpace(CreateCandidateTest.java:130)
]]></failure>
    <system-err><![CDATA[Starting ChromeDriver 2.37.544315 (730aa6a5fdba159ac9f4c1e8cbc59bf1b5ce12b7) on port 4822
Only local connections are allowed.
апр 16, 2018 8:37:29 AM org.openqa.selenium.remote.ProtocolHandshake createSession
INFO: Detected dialect: OSS
]]></system-err>
  </testcase>
  <testcase name="сheckCreateNullPhone" classname="edu.bsuir.test.candidate.CreateCandidateTest" time="32.646"/>
  <testcase name="сheckCreateIdenticalCadidateProfile" classname="edu.bsuir.test.candidate.CreateCandidateTest" time="24.726"/>
  <testcase name="сheckCreatePhoneStartAndEndWithSpace" classname="edu.bsuir.test.candidate.CreateCandidateTest" time="62.976">
    <failure message="By.xpath: //div[@id=&apos;primaryTelephone&apos;] is not found. " type="java.lang.AssertionError">java.lang.AssertionError: By.xpath: //div[@id='primaryTelephone'] is not found. 
	at edu.bsuir.test.candidate.CreateCandidateTest.сheckCreatePhoneStartAndEndWithSpace(CreateCandidateTest.java:226)
</failure>
    <system-err><![CDATA[Starting ChromeDriver 2.37.544315 (730aa6a5fdba159ac9f4c1e8cbc59bf1b5ce12b7) on port 10311
Only local connections are allowed.
апр 16, 2018 8:39:12 AM org.openqa.selenium.remote.ProtocolHandshake createSession
INFO: Detected dialect: OSS
]]></system-err>
  </testcase>
  <testcase name="сheckCreateLastNameStartAndEndWithSpace" classname="edu.bsuir.test.candidate.CreateCandidateTest" time="31.919">
    <failure message="expected:&lt;[Korenchuk Anna]&gt; but was:&lt;[Создание резюме]&gt;" type="org.junit.ComparisonFailure"><![CDATA[org.junit.ComparisonFailure: expected:<[Korenchuk Anna]> but was:<[Создание резюме]>
	at edu.bsuir.test.candidate.CreateCandidateTest.сheckCreateLastNameStartAndEndWithSpace(CreateCandidateTest.java:178)
]]></failure>
    <system-err><![CDATA[Starting ChromeDriver 2.37.544315 (730aa6a5fdba159ac9f4c1e8cbc59bf1b5ce12b7) on port 25280
Only local connections are allowed.
апр 16, 2018 8:40:19 AM org.openqa.selenium.remote.ProtocolHandshake createSession
INFO: Detected dialect: OSS
]]></system-err>
  </testcase>
  <testcase name="сheckCreateLastNameWithSpace" classname="edu.bsuir.test.candidate.CreateCandidateTest" time="39.359"/>
  <testcase name="сheckCreateMailWithSpace" classname="edu.bsuir.test.candidate.CreateCandidateTest" time="31.932"/>
  <testcase name="сheckCreateNullMail" classname="edu.bsuir.test.candidate.CreateCandidateTest" time="32.119"/>
  <testcase name="сheckCreateNullFirstName" classname="edu.bsuir.test.candidate.CreateCandidateTest" time="57.07"/>
  <testcase name="сheckCreatePhoneWithSpace" classname="edu.bsuir.test.candidate.CreateCandidateTest" time="31.907"/>
  <testcase name="сheckCancelButtonAtCadidateProfilePageTest" classname="edu.bsuir.test.candidate.CreateCandidateTest" time="30.882"/>
  <testcase name="сheckCreateFirstNameWithSpace" classname="edu.bsuir.test.candidate.CreateCandidateTest" time="46.052"/>
  <testcase name="сheckCreateCadidateProfile" classname="edu.bsuir.test.candidate.CreateCandidateTest" time="32.497">
    <failure message="expected:&lt;[Korenchuk Anna]&gt; but was:&lt;[Создание резюме]&gt;" type="org.junit.ComparisonFailure"><![CDATA[org.junit.ComparisonFailure: expected:<[Korenchuk Anna]> but was:<[Создание резюме]>
	at edu.bsuir.test.candidate.CreateCandidateTest.сheckCreateCadidateProfile(CreateCandidateTest.java:92)
]]></failure>
    <system-err><![CDATA[Starting ChromeDriver 2.37.544315 (730aa6a5fdba159ac9f4c1e8cbc59bf1b5ce12b7) on port 5961
Only local connections are allowed.
апр 16, 2018 8:45:50 AM org.openqa.selenium.remote.ProtocolHandshake createSession
INFO: Detected dialect: OSS
]]></system-err>
  </testcase>
  <testcase name="сheckCreateMailStartAndEndWithSpace" classname="edu.bsuir.test.candidate.CreateCandidateTest" time="40.464">
    <failure message="By.xpath: //div[@id=&apos;primaryEmail&apos;]	 is not found. " type="java.lang.AssertionError">java.lang.AssertionError: By.xpath: //div[@id='primaryEmail']	 is not found. 
	at edu.bsuir.test.candidate.CreateCandidateTest.сheckCreateMailStartAndEndWithSpace(CreateCandidateTest.java:273)
</failure>
    <system-err><![CDATA[Starting ChromeDriver 2.37.544315 (730aa6a5fdba159ac9f4c1e8cbc59bf1b5ce12b7) on port 24212
Only local connections are allowed.
апр 16, 2018 8:46:26 AM org.openqa.selenium.remote.ProtocolHandshake createSession
INFO: Detected dialect: OSS
]]></system-err>
  </testcase>
  <testcase name="сheckCreateEmptyCadidateProfile" classname="edu.bsuir.test.candidate.CreateCandidateTest" time="56.341"/>
  <testcase name="сheckCreateNullLastName" classname="edu.bsuir.test.candidate.CreateCandidateTest" time="37.255"/>
  <testcase name="сheckTransitionToCreateCadidatesPageTest" classname="edu.bsuir.test.candidate.CreateCandidateTest" time="30.256"/>
</testsuite>