<?xml version="1.0" encoding="UTF-8"?>
<testsuite xmlns:xsi="http://www.w3.org/2001/XMLSchema-instance" xsi:noNamespaceSchemaLocation="https://maven.apache.org/surefire/maven-surefire-plugin/xsd/surefire-test-report.xsd" name="edu.bsuir.test.candidate.TextFieldTest" time="1,437.828" tests="28" errors="1" skipped="0" failures="6">
  <properties>
[...]
</properties>
  <testcase name="сheckLenghtOfSkype" classname="edu.bsuir.test.candidate.TextFieldTest" time="35.161"/>
  <testcase name="сheckSpecialSymbolsAtAdditionalInfo" classname="edu.bsuir.test.candidate.TextFieldTest" time="34.215"/>
  <testcase name="сheckSkype" classname="edu.bsuir.test.candidate.TextFieldTest" time="37.7"/>
  <testcase name="сheckLastName" classname="edu.bsuir.test.candidate.TextFieldTest" time="41.961"/>
  <testcase name="сheckSpecialSymbolsAtDesiredPosition" classname="edu.bsuir.test.candidate.TextFieldTest" time="40.137">
    <failure type="java.lang.AssertionError">java.lang.AssertionError
	at edu.bsuir.test.candidate.TextFieldTest.сheckSpecialSymbolsAtDesiredPosition(TextFieldTest.java:338)
</failure>
    <system-err><![CDATA[Starting ChromeDriver 2.37.544315 (730aa6a5fdba159ac9f4c1e8cbc59bf1b5ce12b7) on port 36625
Only local connections are allowed.
апр 16, 2018 9:31:24 AM org.openqa.selenium.remote.ProtocolHandshake createSession
INFO: Detected dialect: OSS
]]></system-err>
  </testcase>
  <testcase name="сheckLenghtOfCity" classname="edu.bsuir.test.candidate.TextFieldTest" time="40.094">
    <failure type="java.lang.AssertionError">java.lang.AssertionError
	at edu.bsuir.test.candidate.TextFieldTest.сheckLenghtOfCity(TextFieldTest.java:298)
</failure>
    <system-err><![CDATA[Starting ChromeDriver 2.37.544315 (730aa6a5fdba159ac9f4c1e8cbc59bf1b5ce12b7) on port 45369
Only local connections are allowed.
апр 16, 2018 9:32:08 AM org.openqa.selenium.remote.ProtocolHandshake createSession
INFO: Detected dialect: OSS
]]></system-err>
  </testcase>
  <testcase name="сheckLenghtOfLastName" classname="edu.bsuir.test.candidate.TextFieldTest" time="49.67"/>
  <testcase name="сheckLenghtOfAdditionalInfo" classname="edu.bsuir.test.candidate.TextFieldTest" time="251.017">
    <error message="unknown error: Element &lt;div class=&quot;tc-theme-page-name&quot;&gt;...&lt;/div&gt; is not clickable at point (707, 18). Other element would receive the click: &lt;div id=&quot;heading&quot;&gt;...&lt;/div&gt;&#10;  (Session info: chrome=65.0.3325.181)&#10;  (Driver info: chromedriver=2.37.544315 (730aa6a5fdba159ac9f4c1e8cbc59bf1b5ce12b7),platform=Windows NT 6.3.9600 x86_64) (WARNING: The server did not provide any stacktrace information)&#10;Command duration or timeout: 0 milliseconds&#10;Build info: version: &apos;3.11.0&apos;, revision: &apos;e59cfb3&apos;, time: &apos;2018-03-11T20:26:55.152Z&apos;&#10;System info: host: &apos;ANYA&apos;, ip: &apos;192.168.229.1&apos;, os.name: &apos;Windows 8.1&apos;, os.arch: &apos;x86&apos;, os.version: &apos;6.3&apos;, java.version: &apos;1.8.0_20&apos;&#10;Driver info: org.openqa.selenium.chrome.ChromeDriver&#10;Capabilities {acceptInsecureCerts: false, acceptSslCerts: false, applicationCacheEnabled: false, browserConnectionEnabled: false, browserName: chrome, chrome: {chromedriverVersion: 2.37.544315 (730aa6a5fdba15..., userDataDir: C:\Users\0737~1\AppData\Loc...}, cssSelectorsEnabled: true, databaseEnabled: false, handlesAlerts: true, hasTouchScreen: false, javascriptEnabled: true, locationContextEnabled: true, mobileEmulationEnabled: false, nativeEvents: true, networkConnectionEnabled: false, pageLoadStrategy: normal, platform: XP, platformName: XP, rotatable: false, setWindowRect: true, takesHeapSnapshot: true, takesScreenshot: true, unexpectedAlertBehaviour: , unhandledPromptBehavior: , version: 65.0.3325.181, webStorageEnabled: true}&#10;Session ID: 030e4a1a19ba8277b8b952f293f76720" type="org.openqa.selenium.WebDriverException"><![CDATA[org.openqa.selenium.WebDriverException: 
unknown error: Element <div class="tc-theme-page-name">...</div> is not clickable at point (707, 18). Other element would receive the click: <div id="heading">...</div>
  (Session info: chrome=65.0.3325.181)
  (Driver info: chromedriver=2.37.544315 (730aa6a5fdba159ac9f4c1e8cbc59bf1b5ce12b7),platform=Windows NT 6.3.9600 x86_64) (WARNING: The server did not provide any stacktrace information)
Command duration or timeout: 0 milliseconds
Build info: version: '3.11.0', revision: 'e59cfb3', time: '2018-03-11T20:26:55.152Z'
System info: host: 'ANYA', ip: '192.168.229.1', os.name: 'Windows 8.1', os.arch: 'x86', os.version: '6.3', java.version: '1.8.0_20'
Driver info: org.openqa.selenium.chrome.ChromeDriver
Capabilities {acceptInsecureCerts: false, acceptSslCerts: false, applicationCacheEnabled: false, browserConnectionEnabled: false, browserName: chrome, chrome: {chromedriverVersion: 2.37.544315 (730aa6a5fdba15..., userDataDir: C:\Users\0737~1\AppData\Loc...}, cssSelectorsEnabled: true, databaseEnabled: false, handlesAlerts: true, hasTouchScreen: false, javascriptEnabled: true, locationContextEnabled: true, mobileEmulationEnabled: false, nativeEvents: true, networkConnectionEnabled: false, pageLoadStrategy: normal, platform: XP, platformName: XP, rotatable: false, setWindowRect: true, takesHeapSnapshot: true, takesScreenshot: true, unexpectedAlertBehaviour: , unhandledPromptBehavior: , version: 65.0.3325.181, webStorageEnabled: true}
Session ID: 030e4a1a19ba8277b8b952f293f76720
	at edu.bsuir.test.candidate.TextFieldTest.сheckLenghtOfAdditionalInfo(TextFieldTest.java:402)
]]></error>
    <system-err><![CDATA[Starting ChromeDriver 2.37.544315 (730aa6a5fdba159ac9f4c1e8cbc59bf1b5ce12b7) on port 35455
Only local connections are allowed.
апр 16, 2018 9:33:45 AM org.openqa.selenium.remote.ProtocolHandshake createSession
INFO: Detected dialect: OSS
]]></system-err>
  </testcase>
  <testcase name="сheckSpecificSymbolsAtLastName" classname="edu.bsuir.test.candidate.TextFieldTest" time="39.617"/>
  <testcase name="сheckSpecificSymbolsAtSkype" classname="edu.bsuir.test.candidate.TextFieldTest" time="37.69"/>
  <testcase name="сheckSecondName" classname="edu.bsuir.test.candidate.TextFieldTest" time="38.863"/>
  <testcase name="сheckNumberAtCountry" classname="edu.bsuir.test.candidate.TextFieldTest" time="26.375"/>
  <testcase name="сheckAdditionalInfo" classname="edu.bsuir.test.candidate.TextFieldTest" time="36.921"/>
  <testcase name="сheckFirstName" classname="edu.bsuir.test.candidate.TextFieldTest" time="37.034"/>
  <testcase name="сheckCountry" classname="edu.bsuir.test.candidate.TextFieldTest" time="36.432"/>
  <testcase name="сheckDesiredPosition" classname="edu.bsuir.test.candidate.TextFieldTest" time="37.617"/>
  <testcase name="сheckLenghtOfFirstName" classname="edu.bsuir.test.candidate.TextFieldTest" time="83.898"/>
  <testcase name="сheckLenghtOfDesiredPosition" classname="edu.bsuir.test.candidate.TextFieldTest" time="28.952">
    <failure type="java.lang.AssertionError">java.lang.AssertionError
	at edu.bsuir.test.candidate.TextFieldTest.сheckLenghtOfDesiredPosition(TextFieldTest.java:351)
</failure>
    <system-err><![CDATA[Starting ChromeDriver 2.37.544315 (730aa6a5fdba159ac9f4c1e8cbc59bf1b5ce12b7) on port 13169
Only local connections are allowed.
апр 16, 2018 9:44:51 AM org.openqa.selenium.remote.ProtocolHandshake createSession
INFO: Detected dialect: OSS
]]></system-err>
  </testcase>
  <testcase name="сheckLenghtOfSecondName" classname="edu.bsuir.test.candidate.TextFieldTest" time="45.003"/>
  <testcase name="сheckSpecialSymbolsAtCity" classname="edu.bsuir.test.candidate.TextFieldTest" time="38.476">
    <failure type="java.lang.AssertionError">java.lang.AssertionError
	at edu.bsuir.test.candidate.TextFieldTest.сheckSpecialSymbolsAtCity(TextFieldTest.java:285)
</failure>
    <system-err><![CDATA[Starting ChromeDriver 2.37.544315 (730aa6a5fdba159ac9f4c1e8cbc59bf1b5ce12b7) on port 13764
Only local connections are allowed.
апр 16, 2018 9:46:12 AM org.openqa.selenium.remote.ProtocolHandshake createSession
INFO: Detected dialect: OSS
]]></system-err>
  </testcase>
  <testcase name="сheckSpecificSymbolsAtSecondName" classname="edu.bsuir.test.candidate.TextFieldTest" time="36.419"/>
  <testcase name="сheckSpecificSymbolsAtFirstName" classname="edu.bsuir.test.candidate.TextFieldTest" time="37.769"/>
  <testcase name="сheckLenghtOfCountry" classname="edu.bsuir.test.candidate.TextFieldTest" time="35.362"/>
  <testcase name="сheckNumberAtAdditionalInfo" classname="edu.bsuir.test.candidate.TextFieldTest" time="36.751"/>
  <testcase name="сheckSpecificSymbolsAtCountry" classname="edu.bsuir.test.candidate.TextFieldTest" time="25.467"/>
  <testcase name="сheckNumberAtCity" classname="edu.bsuir.test.candidate.TextFieldTest" time="39.657">
    <failure type="java.lang.AssertionError">java.lang.AssertionError
	at edu.bsuir.test.candidate.TextFieldTest.сheckNumberAtCity(TextFieldTest.java:272)
</failure>
    <system-err><![CDATA[Starting ChromeDriver 2.37.544315 (730aa6a5fdba159ac9f4c1e8cbc59bf1b5ce12b7) on port 24718
Only local connections are allowed.
апр 16, 2018 9:50:00 AM org.openqa.selenium.remote.ProtocolHandshake createSession
INFO: Detected dialect: OSS
]]></system-err>
  </testcase>
  <testcase name="сheckNumberAtDesiredPosition" classname="edu.bsuir.test.candidate.TextFieldTest" time="40.75">
    <failure type="java.lang.AssertionError">java.lang.AssertionError
	at edu.bsuir.test.candidate.TextFieldTest.сheckNumberAtDesiredPosition(TextFieldTest.java:325)
</failure>
    <system-err><![CDATA[Starting ChromeDriver 2.37.544315 (730aa6a5fdba159ac9f4c1e8cbc59bf1b5ce12b7) on port 4596
Only local connections are allowed.
апр 16, 2018 9:50:42 AM org.openqa.selenium.remote.ProtocolHandshake createSession
INFO: Detected dialect: OSS
]]></system-err>
  </testcase>
  <testcase name="сheckCity" classname="edu.bsuir.test.candidate.TextFieldTest" time="62.479"/>
</testsuite>