<?xml version="1.0" encoding="UTF-8"?>
<testsuite xmlns:xsi="http://www.w3.org/2001/XMLSchema-instance" xsi:noNamespaceSchemaLocation="https://maven.apache.org/surefire/maven-surefire-plugin/xsd/surefire-test-report.xsd" name="edu.bsuir.test.candidate.AdditionFilesTest" time="580.769" tests="6" errors="0" skipped="0" failures="6">
  <properties>
[...]
</properties>
  <testcase name="removeDocuments" classname="edu.bsuir.test.candidate.AdditionFilesTest" time="48.348">
    <failure message="expected:&lt;[BigData.xls, sql.docx]&gt; but was:&lt;[BigData.xls, , sql.docx, ]&gt;" type="java.lang.AssertionError"><![CDATA[java.lang.AssertionError: expected:<[BigData.xls, sql.docx]> but was:<[BigData.xls, , sql.docx, ]>
	at edu.bsuir.test.candidate.AdditionFilesTest.removeDocuments(AdditionFilesTest.java:139)
]]></failure>
    <system-out><![CDATA[4
[[ChromeDriver: chrome on XP (b7d90bde4582e041effdc72d07a60177)] -> xpath: //div[@id='attached-files']/div[@class='control-group']/span]
[[ChromeDriver: chrome on XP (b7d90bde4582e041effdc72d07a60177)] -> xpath: //div[@id='attached-files']/div[@class='control-group']/span]
[[ChromeDriver: chrome on XP (b7d90bde4582e041effdc72d07a60177)] -> xpath: //div[@id='attached-files']/div[@class='control-group']/span]
[[ChromeDriver: chrome on XP (b7d90bde4582e041effdc72d07a60177)] -> xpath: //div[@id='attached-files']/div[@class='control-group']/span]
]]></system-out>
    <system-err><![CDATA[Starting ChromeDriver 2.37.544315 (730aa6a5fdba159ac9f4c1e8cbc59bf1b5ce12b7) on port 11693
Only local connections are allowed.
апр 16, 2018 6:30:14 AM org.openqa.selenium.remote.ProtocolHandshake createSession
INFO: Detected dialect: OSS
]]></system-err>
  </testcase>
  <testcase name="checkCountOfDocuments" classname="edu.bsuir.test.candidate.AdditionFilesTest" time="351.974">
    <failure message="expected:&lt;[BigData.xls, BigData.xls, BigData.xls, BigData.xls, BigData.xls, BigData.xls, BigData.xls, BigData.xls, BigData.xls, BigData.xls, BigData.xls, BigData.xls, BigData.xls, BigData.xls, BigData.xls, BigData.xls, BigData.xls, BigData.xls, BigData.xls, BigData.xls, BigData.xls, BigData.xls, BigData.xls, BigData.xls, BigData.xls, BigData.xls, BigData.xls, BigData.xls, BigData.xls, BigData.xls, BigData.xls, BigData.xls, BigData.xls, BigData.xls, BigData.xls, BigData.xls, BigData.xls, BigData.xls, BigData.xls, BigData.xls, BigData.xls, BigData.xls, BigData.xls, BigData.xls, BigData.xls, BigData.xls, BigData.xls, BigData.xls, BigData.xls, BigData.xls]&gt; but was:&lt;[BigData.xls, , BigData.xls, , BigData.xls, , BigData.xls, , BigData.xls, , BigData.xls, , BigData.xls, , BigData.xls, , BigData.xls, , BigData.xls, , BigData.xls, , BigData.xls, , BigData.xls, , BigData.xls, , BigData.xls, , BigData.xls, , BigData.xls, , BigData.xls, , BigData.xls, , BigData.xls, , BigData.xls, , BigData.xls, , BigData.xls, , BigData.xls, , BigData.xls, , BigData.xls, , BigData.xls, , BigData.xls, , BigData.xls, , BigData.xls, , BigData.xls, , BigData.xls, , BigData.xls, , BigData.xls, , BigData.xls, , BigData.xls, ]&gt;" type="java.lang.AssertionError"><![CDATA[java.lang.AssertionError: expected:<[BigData.xls, BigData.xls, BigData.xls, BigData.xls, BigData.xls, BigData.xls, BigData.xls, BigData.xls, BigData.xls, BigData.xls, BigData.xls, BigData.xls, BigData.xls, BigData.xls, BigData.xls, BigData.xls, BigData.xls, BigData.xls, BigData.xls, BigData.xls, BigData.xls, BigData.xls, BigData.xls, BigData.xls, BigData.xls, BigData.xls, BigData.xls, BigData.xls, BigData.xls, BigData.xls, BigData.xls, BigData.xls, BigData.xls, BigData.xls, BigData.xls, BigData.xls, BigData.xls, BigData.xls, BigData.xls, BigData.xls, BigData.xls, BigData.xls, BigData.xls, BigData.xls, BigData.xls, BigData.xls, BigData.xls, BigData.xls, BigData.xls, BigData.xls]> but was:<[BigData.xls, , BigData.xls, , BigData.xls, , BigData.xls, , BigData.xls, , BigData.xls, , BigData.xls, , BigData.xls, , BigData.xls, , BigData.xls, , BigData.xls, , BigData.xls, , BigData.xls, , BigData.xls, , BigData.xls, , BigData.xls, , BigData.xls, , BigData.xls, , BigData.xls, , BigData.xls, , BigData.xls, , BigData.xls, , BigData.xls, , BigData.xls, , BigData.xls, , BigData.xls, , BigData.xls, , BigData.xls, , BigData.xls, , BigData.xls, , BigData.xls, , BigData.xls, , BigData.xls, , BigData.xls, , BigData.xls, , BigData.xls, ]>
	at edu.bsuir.test.candidate.AdditionFilesTest.checkCountOfDocuments(AdditionFilesTest.java:120)
]]></failure>
    <system-out><![CDATA[72
[[ChromeDriver: chrome on XP (d1402a0962337ac3dd09c2f0d576c415)] -> xpath: //div[@id='attached-files']/div[@class='control-group']/span]
[[ChromeDriver: chrome on XP (d1402a0962337ac3dd09c2f0d576c415)] -> xpath: //div[@id='attached-files']/div[@class='control-group']/span]
[[ChromeDriver: chrome on XP (d1402a0962337ac3dd09c2f0d576c415)] -> xpath: //div[@id='attached-files']/div[@class='control-group']/span]
[[ChromeDriver: chrome on XP (d1402a0962337ac3dd09c2f0d576c415)] -> xpath: //div[@id='attached-files']/div[@class='control-group']/span]
[[ChromeDriver: chrome on XP (d1402a0962337ac3dd09c2f0d576c415)] -> xpath: //div[@id='attached-files']/div[@class='control-group']/span]
[[ChromeDriver: chrome on XP (d1402a0962337ac3dd09c2f0d576c415)] -> xpath: //div[@id='attached-files']/div[@class='control-group']/span]
[[ChromeDriver: chrome on XP (d1402a0962337ac3dd09c2f0d576c415)] -> xpath: //div[@id='attached-files']/div[@class='control-group']/span]
[[ChromeDriver: chrome on XP (d1402a0962337ac3dd09c2f0d576c415)] -> xpath: //div[@id='attached-files']/div[@class='control-group']/span]
[[ChromeDriver: chrome on XP (d1402a0962337ac3dd09c2f0d576c415)] -> xpath: //div[@id='attached-files']/div[@class='control-group']/span]
[[ChromeDriver: chrome on XP (d1402a0962337ac3dd09c2f0d576c415)] -> xpath: //div[@id='attached-files']/div[@class='control-group']/span]
[[ChromeDriver: chrome on XP (d1402a0962337ac3dd09c2f0d576c415)] -> xpath: //div[@id='attached-files']/div[@class='control-group']/span]
[[ChromeDriver: chrome on XP (d1402a0962337ac3dd09c2f0d576c415)] -> xpath: //div[@id='attached-files']/div[@class='control-group']/span]
[[ChromeDriver: chrome on XP (d1402a0962337ac3dd09c2f0d576c415)] -> xpath: //div[@id='attached-files']/div[@class='control-group']/span]
[[ChromeDriver: chrome on XP (d1402a0962337ac3dd09c2f0d576c415)] -> xpath: //div[@id='attached-files']/div[@class='control-group']/span]
[[ChromeDriver: chrome on XP (d1402a0962337ac3dd09c2f0d576c415)] -> xpath: //div[@id='attached-files']/div[@class='control-group']/span]
[[ChromeDriver: chrome on XP (d1402a0962337ac3dd09c2f0d576c415)] -> xpath: //div[@id='attached-files']/div[@class='control-group']/span]
[[ChromeDriver: chrome on XP (d1402a0962337ac3dd09c2f0d576c415)] -> xpath: //div[@id='attached-files']/div[@class='control-group']/span]
[[ChromeDriver: chrome on XP (d1402a0962337ac3dd09c2f0d576c415)] -> xpath: //div[@id='attached-files']/div[@class='control-group']/span]
[[ChromeDriver: chrome on XP (d1402a0962337ac3dd09c2f0d576c415)] -> xpath: //div[@id='attached-files']/div[@class='control-group']/span]
[[ChromeDriver: chrome on XP (d1402a0962337ac3dd09c2f0d576c415)] -> xpath: //div[@id='attached-files']/div[@class='control-group']/span]
[[ChromeDriver: chrome on XP (d1402a0962337ac3dd09c2f0d576c415)] -> xpath: //div[@id='attached-files']/div[@class='control-group']/span]
[[ChromeDriver: chrome on XP (d1402a0962337ac3dd09c2f0d576c415)] -> xpath: //div[@id='attached-files']/div[@class='control-group']/span]
[[ChromeDriver: chrome on XP (d1402a0962337ac3dd09c2f0d576c415)] -> xpath: //div[@id='attached-files']/div[@class='control-group']/span]
[[ChromeDriver: chrome on XP (d1402a0962337ac3dd09c2f0d576c415)] -> xpath: //div[@id='attached-files']/div[@class='control-group']/span]
[[ChromeDriver: chrome on XP (d1402a0962337ac3dd09c2f0d576c415)] -> xpath: //div[@id='attached-files']/div[@class='control-group']/span]
[[ChromeDriver: chrome on XP (d1402a0962337ac3dd09c2f0d576c415)] -> xpath: //div[@id='attached-files']/div[@class='control-group']/span]
[[ChromeDriver: chrome on XP (d1402a0962337ac3dd09c2f0d576c415)] -> xpath: //div[@id='attached-files']/div[@class='control-group']/span]
[[ChromeDriver: chrome on XP (d1402a0962337ac3dd09c2f0d576c415)] -> xpath: //div[@id='attached-files']/div[@class='control-group']/span]
[[ChromeDriver: chrome on XP (d1402a0962337ac3dd09c2f0d576c415)] -> xpath: //div[@id='attached-files']/div[@class='control-group']/span]
[[ChromeDriver: chrome on XP (d1402a0962337ac3dd09c2f0d576c415)] -> xpath: //div[@id='attached-files']/div[@class='control-group']/span]
[[ChromeDriver: chrome on XP (d1402a0962337ac3dd09c2f0d576c415)] -> xpath: //div[@id='attached-files']/div[@class='control-group']/span]
[[ChromeDriver: chrome on XP (d1402a0962337ac3dd09c2f0d576c415)] -> xpath: //div[@id='attached-files']/div[@class='control-group']/span]
[[ChromeDriver: chrome on XP (d1402a0962337ac3dd09c2f0d576c415)] -> xpath: //div[@id='attached-files']/div[@class='control-group']/span]
[[ChromeDriver: chrome on XP (d1402a0962337ac3dd09c2f0d576c415)] -> xpath: //div[@id='attached-files']/div[@class='control-group']/span]
[[ChromeDriver: chrome on XP (d1402a0962337ac3dd09c2f0d576c415)] -> xpath: //div[@id='attached-files']/div[@class='control-group']/span]
[[ChromeDriver: chrome on XP (d1402a0962337ac3dd09c2f0d576c415)] -> xpath: //div[@id='attached-files']/div[@class='control-group']/span]
[[ChromeDriver: chrome on XP (d1402a0962337ac3dd09c2f0d576c415)] -> xpath: //div[@id='attached-files']/div[@class='control-group']/span]
[[ChromeDriver: chrome on XP (d1402a0962337ac3dd09c2f0d576c415)] -> xpath: //div[@id='attached-files']/div[@class='control-group']/span]
[[ChromeDriver: chrome on XP (d1402a0962337ac3dd09c2f0d576c415)] -> xpath: //div[@id='attached-files']/div[@class='control-group']/span]
[[ChromeDriver: chrome on XP (d1402a0962337ac3dd09c2f0d576c415)] -> xpath: //div[@id='attached-files']/div[@class='control-group']/span]
[[ChromeDriver: chrome on XP (d1402a0962337ac3dd09c2f0d576c415)] -> xpath: //div[@id='attached-files']/div[@class='control-group']/span]
[[ChromeDriver: chrome on XP (d1402a0962337ac3dd09c2f0d576c415)] -> xpath: //div[@id='attached-files']/div[@class='control-group']/span]
[[ChromeDriver: chrome on XP (d1402a0962337ac3dd09c2f0d576c415)] -> xpath: //div[@id='attached-files']/div[@class='control-group']/span]
[[ChromeDriver: chrome on XP (d1402a0962337ac3dd09c2f0d576c415)] -> xpath: //div[@id='attached-files']/div[@class='control-group']/span]
[[ChromeDriver: chrome on XP (d1402a0962337ac3dd09c2f0d576c415)] -> xpath: //div[@id='attached-files']/div[@class='control-group']/span]
[[ChromeDriver: chrome on XP (d1402a0962337ac3dd09c2f0d576c415)] -> xpath: //div[@id='attached-files']/div[@class='control-group']/span]
[[ChromeDriver: chrome on XP (d1402a0962337ac3dd09c2f0d576c415)] -> xpath: //div[@id='attached-files']/div[@class='control-group']/span]
[[ChromeDriver: chrome on XP (d1402a0962337ac3dd09c2f0d576c415)] -> xpath: //div[@id='attached-files']/div[@class='control-group']/span]
[[ChromeDriver: chrome on XP (d1402a0962337ac3dd09c2f0d576c415)] -> xpath: //div[@id='attached-files']/div[@class='control-group']/span]
[[ChromeDriver: chrome on XP (d1402a0962337ac3dd09c2f0d576c415)] -> xpath: //div[@id='attached-files']/div[@class='control-group']/span]
[[ChromeDriver: chrome on XP (d1402a0962337ac3dd09c2f0d576c415)] -> xpath: //div[@id='attached-files']/div[@class='control-group']/span]
[[ChromeDriver: chrome on XP (d1402a0962337ac3dd09c2f0d576c415)] -> xpath: //div[@id='attached-files']/div[@class='control-group']/span]
[[ChromeDriver: chrome on XP (d1402a0962337ac3dd09c2f0d576c415)] -> xpath: //div[@id='attached-files']/div[@class='control-group']/span]
[[ChromeDriver: chrome on XP (d1402a0962337ac3dd09c2f0d576c415)] -> xpath: //div[@id='attached-files']/div[@class='control-group']/span]
[[ChromeDriver: chrome on XP (d1402a0962337ac3dd09c2f0d576c415)] -> xpath: //div[@id='attached-files']/div[@class='control-group']/span]
[[ChromeDriver: chrome on XP (d1402a0962337ac3dd09c2f0d576c415)] -> xpath: //div[@id='attached-files']/div[@class='control-group']/span]
[[ChromeDriver: chrome on XP (d1402a0962337ac3dd09c2f0d576c415)] -> xpath: //div[@id='attached-files']/div[@class='control-group']/span]
[[ChromeDriver: chrome on XP (d1402a0962337ac3dd09c2f0d576c415)] -> xpath: //div[@id='attached-files']/div[@class='control-group']/span]
[[ChromeDriver: chrome on XP (d1402a0962337ac3dd09c2f0d576c415)] -> xpath: //div[@id='attached-files']/div[@class='control-group']/span]
[[ChromeDriver: chrome on XP (d1402a0962337ac3dd09c2f0d576c415)] -> xpath: //div[@id='attached-files']/div[@class='control-group']/span]
[[ChromeDriver: chrome on XP (d1402a0962337ac3dd09c2f0d576c415)] -> xpath: //div[@id='attached-files']/div[@class='control-group']/span]
[[ChromeDriver: chrome on XP (d1402a0962337ac3dd09c2f0d576c415)] -> xpath: //div[@id='attached-files']/div[@class='control-group']/span]
[[ChromeDriver: chrome on XP (d1402a0962337ac3dd09c2f0d576c415)] -> xpath: //div[@id='attached-files']/div[@class='control-group']/span]
[[ChromeDriver: chrome on XP (d1402a0962337ac3dd09c2f0d576c415)] -> xpath: //div[@id='attached-files']/div[@class='control-group']/span]
[[ChromeDriver: chrome on XP (d1402a0962337ac3dd09c2f0d576c415)] -> xpath: //div[@id='attached-files']/div[@class='control-group']/span]
[[ChromeDriver: chrome on XP (d1402a0962337ac3dd09c2f0d576c415)] -> xpath: //div[@id='attached-files']/div[@class='control-group']/span]
[[ChromeDriver: chrome on XP (d1402a0962337ac3dd09c2f0d576c415)] -> xpath: //div[@id='attached-files']/div[@class='control-group']/span]
[[ChromeDriver: chrome on XP (d1402a0962337ac3dd09c2f0d576c415)] -> xpath: //div[@id='attached-files']/div[@class='control-group']/span]
[[ChromeDriver: chrome on XP (d1402a0962337ac3dd09c2f0d576c415)] -> xpath: //div[@id='attached-files']/div[@class='control-group']/span]
[[ChromeDriver: chrome on XP (d1402a0962337ac3dd09c2f0d576c415)] -> xpath: //div[@id='attached-files']/div[@class='control-group']/span]
[[ChromeDriver: chrome on XP (d1402a0962337ac3dd09c2f0d576c415)] -> xpath: //div[@id='attached-files']/div[@class='control-group']/span]
[[ChromeDriver: chrome on XP (d1402a0962337ac3dd09c2f0d576c415)] -> xpath: //div[@id='attached-files']/div[@class='control-group']/span]
]]></system-out>
    <system-err><![CDATA[Starting ChromeDriver 2.37.544315 (730aa6a5fdba159ac9f4c1e8cbc59bf1b5ce12b7) on port 34339
Only local connections are allowed.
апр 16, 2018 6:31:05 AM org.openqa.selenium.remote.ProtocolHandshake createSession
INFO: Detected dialect: OSS
]]></system-err>
  </testcase>
  <testcase name="addFileDOC" classname="edu.bsuir.test.candidate.AdditionFilesTest" time="36.24">
    <failure message="expected:&lt;[sql.docx]&gt; but was:&lt;[sql.docx, ]&gt;" type="java.lang.AssertionError"><![CDATA[java.lang.AssertionError: expected:<[sql.docx]> but was:<[sql.docx, ]>
	at edu.bsuir.test.candidate.AdditionFilesTest.addFileDOC(AdditionFilesTest.java:54)
]]></failure>
    <system-out><![CDATA[2
[[ChromeDriver: chrome on XP (14e38191a70d0efa88e9ef16975d7bda)] -> xpath: //div[@id='attached-files']/div[@class='control-group']/span]
[[ChromeDriver: chrome on XP (14e38191a70d0efa88e9ef16975d7bda)] -> xpath: //div[@id='attached-files']/div[@class='control-group']/span]
]]></system-out>
    <system-err><![CDATA[Starting ChromeDriver 2.37.544315 (730aa6a5fdba159ac9f4c1e8cbc59bf1b5ce12b7) on port 19497
Only local connections are allowed.
апр 16, 2018 6:37:00 AM org.openqa.selenium.remote.ProtocolHandshake createSession
INFO: Detected dialect: OSS
]]></system-err>
  </testcase>
  <testcase name="addFileMP4" classname="edu.bsuir.test.candidate.AdditionFilesTest" time="36.489">
    <failure message="expected:&lt;[video.mp4]&gt; but was:&lt;[video.mp4, ]&gt;" type="java.lang.AssertionError"><![CDATA[java.lang.AssertionError: expected:<[video.mp4]> but was:<[video.mp4, ]>
	at edu.bsuir.test.candidate.AdditionFilesTest.addFileMP4(AdditionFilesTest.java:85)
]]></failure>
    <system-out><![CDATA[2
[[ChromeDriver: chrome on XP (037203c3f3c7d574102ce0c9c2478b71)] -> xpath: //div[@id='attached-files']/div[@class='control-group']/span]
[[ChromeDriver: chrome on XP (037203c3f3c7d574102ce0c9c2478b71)] -> xpath: //div[@id='attached-files']/div[@class='control-group']/span]
]]></system-out>
    <system-err><![CDATA[Starting ChromeDriver 2.37.544315 (730aa6a5fdba159ac9f4c1e8cbc59bf1b5ce12b7) on port 15396
Only local connections are allowed.
апр 16, 2018 6:37:38 AM org.openqa.selenium.remote.ProtocolHandshake createSession
INFO: Detected dialect: OSS
]]></system-err>
  </testcase>
  <testcase name="addFilePDF" classname="edu.bsuir.test.candidate.AdditionFilesTest" time="47.461">
    <failure message="expected:&lt;[sql.pdf]&gt; but was:&lt;[]&gt;" type="java.lang.AssertionError"><![CDATA[java.lang.AssertionError: expected:<[sql.pdf]> but was:<[]>
	at edu.bsuir.test.candidate.AdditionFilesTest.addFilePDF(AdditionFilesTest.java:69)
]]></failure>
    <system-out><![CDATA[0
]]></system-out>
    <system-err><![CDATA[Starting ChromeDriver 2.37.544315 (730aa6a5fdba159ac9f4c1e8cbc59bf1b5ce12b7) on port 36585
Only local connections are allowed.
апр 16, 2018 6:38:17 AM org.openqa.selenium.remote.ProtocolHandshake createSession
INFO: Detected dialect: OSS
]]></system-err>
  </testcase>
  <testcase name="addFileXLS" classname="edu.bsuir.test.candidate.AdditionFilesTest" time="44.67">
    <failure message="expected:&lt;[BigData.xls]&gt; but was:&lt;[]&gt;" type="java.lang.AssertionError"><![CDATA[java.lang.AssertionError: expected:<[BigData.xls]> but was:<[]>
	at edu.bsuir.test.candidate.AdditionFilesTest.addFileXLS(AdditionFilesTest.java:101)
]]></failure>
    <system-out><![CDATA[0
]]></system-out>
    <system-err><![CDATA[Starting ChromeDriver 2.37.544315 (730aa6a5fdba159ac9f4c1e8cbc59bf1b5ce12b7) on port 28509
Only local connections are allowed.
апр 16, 2018 6:39:07 AM org.openqa.selenium.remote.ProtocolHandshake createSession
INFO: Detected dialect: OSS
]]></system-err>
  </testcase>
</testsuite>