<?xml version="1.0" encoding="UTF-8"?>
<testsuite xmlns:xsi="http://www.w3.org/2001/XMLSchema-instance" xsi:noNamespaceSchemaLocation="https://maven.apache.org/surefire/maven-surefire-plugin/xsd/surefire-test-report.xsd" name="edu.bsuir.test.candidate.EmailTest" time="1,222.109" tests="28" errors="0" skipped="0" failures="7">
  <properties>
[...]
</properties>
  <testcase name="сheckEmailWithoutAt" classname="edu.bsuir.test.candidate.EmailTest" time="27.166"/>
  <testcase name="сheckEmptyEmail" classname="edu.bsuir.test.candidate.EmailTest" time="24.558"/>
  <testcase name="сheckEmailWithCirilicInDomen" classname="edu.bsuir.test.candidate.EmailTest" time="36.417">
    <failure type="java.lang.AssertionError">java.lang.AssertionError
	at edu.bsuir.test.candidate.EmailTest.сheckEmailWithCirilicInDomen(EmailTest.java:383)
</failure>
    <system-err><![CDATA[Starting ChromeDriver 2.37.544315 (730aa6a5fdba159ac9f4c1e8cbc59bf1b5ce12b7) on port 30172
Only local connections are allowed.
апр 12, 2018 10:11:34 AM org.openqa.selenium.remote.ProtocolHandshake createSession
INFO: Detected dialect: OSS
]]></system-err>
  </testcase>
  <testcase name="сheckEmailWithSomeAt" classname="edu.bsuir.test.candidate.EmailTest" time="31.675"/>
  <testcase name="сheckEmailWithNumericInDomen" classname="edu.bsuir.test.candidate.EmailTest" time="48.733"/>
  <testcase name="сheckEmailDifferentSymbols" classname="edu.bsuir.test.candidate.EmailTest" time="70.434"/>
  <testcase name="сheckIncorrectDomen" classname="edu.bsuir.test.candidate.EmailTest" time="42.73">
    <failure type="java.lang.AssertionError">java.lang.AssertionError
	at edu.bsuir.test.candidate.EmailTest.сheckIncorrectDomen(EmailTest.java:318)
</failure>
    <system-err><![CDATA[Starting ChromeDriver 2.37.544315 (730aa6a5fdba159ac9f4c1e8cbc59bf1b5ce12b7) on port 8532
Only local connections are allowed.
апр 12, 2018 10:14:55 AM org.openqa.selenium.remote.ProtocolHandshake createSession
INFO: Detected dialect: OSS
]]></system-err>
  </testcase>
  <testcase name="сheckEmailWithoutDotsInDomen" classname="edu.bsuir.test.candidate.EmailTest" time="26.751"/>
  <testcase name="сheckEmailWithNumericInAccountNAme" classname="edu.bsuir.test.candidate.EmailTest" time="46.154"/>
  <testcase name="сheckEmailWithOneLetterInDomen" classname="edu.bsuir.test.candidate.EmailTest" time="36.525">
    <failure type="java.lang.AssertionError">java.lang.AssertionError
	at edu.bsuir.test.candidate.EmailTest.сheckEmailWithOneLetterInDomen(EmailTest.java:357)
</failure>
    <system-err><![CDATA[Starting ChromeDriver 2.37.544315 (730aa6a5fdba159ac9f4c1e8cbc59bf1b5ce12b7) on port 45034
Only local connections are allowed.
апр 12, 2018 10:16:59 AM org.openqa.selenium.remote.ProtocolHandshake createSession
INFO: Detected dialect: OSS
]]></system-err>
  </testcase>
  <testcase name="сheckEmailWithSpecificSymbolsInDomen" classname="edu.bsuir.test.candidate.EmailTest" time="27.016"/>
  <testcase name="сheckEmailWithCirilic" classname="edu.bsuir.test.candidate.EmailTest" time="41.191">
    <failure type="java.lang.AssertionError">java.lang.AssertionError
	at edu.bsuir.test.candidate.EmailTest.сheckEmailWithCirilic(EmailTest.java:396)
</failure>
    <system-err><![CDATA[Starting ChromeDriver 2.37.544315 (730aa6a5fdba159ac9f4c1e8cbc59bf1b5ce12b7) on port 32527
Only local connections are allowed.
апр 12, 2018 10:18:12 AM org.openqa.selenium.remote.ProtocolHandshake createSession
INFO: Detected dialect: OSS
]]></system-err>
  </testcase>
  <testcase name="сheckEmailWithSomeDotsInDomen" classname="edu.bsuir.test.candidate.EmailTest" time="94.511"/>
  <testcase name="сheckEmailInLowerCase" classname="edu.bsuir.test.candidate.EmailTest" time="36.461"/>
  <testcase name="сheckEmailMaxLenght" classname="edu.bsuir.test.candidate.EmailTest" time="74.305">
    <failure type="java.lang.AssertionError">java.lang.AssertionError
	at edu.bsuir.test.candidate.EmailTest.сheckEmailMaxLenght(EmailTest.java:200)
</failure>
    <system-err><![CDATA[Starting ChromeDriver 2.37.544315 (730aa6a5fdba159ac9f4c1e8cbc59bf1b5ce12b7) on port 8247
Only local connections are allowed.
апр 12, 2018 10:21:13 AM org.openqa.selenium.remote.ProtocolHandshake createSession
INFO: Detected dialect: OSS
]]></system-err>
  </testcase>
  <testcase name="сheckEmailWithDashInDomen" classname="edu.bsuir.test.candidate.EmailTest" time="35.674"/>
  <testcase name="сheckEmailWithoutDomen" classname="edu.bsuir.test.candidate.EmailTest" time="35.677">
    <failure message="By.xpath: //input [@id=&apos;primaryEmail&apos;] is not found. " type="java.lang.AssertionError">java.lang.AssertionError: By.xpath: //input [@id='primaryEmail'] is not found. 
	at edu.bsuir.test.candidate.EmailTest.сheckEmailWithoutDomen(EmailTest.java:302)
</failure>
    <system-err><![CDATA[Starting ChromeDriver 2.37.544315 (730aa6a5fdba159ac9f4c1e8cbc59bf1b5ce12b7) on port 6056
Only local connections are allowed.
апр 12, 2018 10:23:08 AM org.openqa.selenium.remote.ProtocolHandshake createSession
INFO: Detected dialect: OSS
]]></system-err>
  </testcase>
  <testcase name="сheckEmailWithCirilicInAccount" classname="edu.bsuir.test.candidate.EmailTest" time="39.405">
    <failure type="java.lang.AssertionError">java.lang.AssertionError
	at edu.bsuir.test.candidate.EmailTest.сheckEmailWithCirilicInAccount(EmailTest.java:370)
</failure>
    <system-err><![CDATA[Starting ChromeDriver 2.37.544315 (730aa6a5fdba159ac9f4c1e8cbc59bf1b5ce12b7) on port 34365
Only local connections are allowed.
апр 12, 2018 10:24:28 AM org.openqa.selenium.remote.ProtocolHandshake createSession
INFO: Detected dialect: OSS
]]></system-err>
  </testcase>
  <testcase name="сheckEmailWithDotInAccountNAme" classname="edu.bsuir.test.candidate.EmailTest" time="30.118"/>
  <testcase name="сheckEmailWithSpecificSymbolsInAccountName" classname="edu.bsuir.test.candidate.EmailTest" time="26.148"/>
  <testcase name="сheckEmailInUpperCase" classname="edu.bsuir.test.candidate.EmailTest" time="36.898"/>
  <testcase name="сheckEmailWithoutAccountNameAndDomen" classname="edu.bsuir.test.candidate.EmailTest" time="26.058"/>
  <testcase name="сheckEmailWithUnderscoreInAccountNAme" classname="edu.bsuir.test.candidate.EmailTest" time="37.462"/>
  <testcase name="сheckEmailWithoutAccountName" classname="edu.bsuir.test.candidate.EmailTest" time="26.731"/>
  <testcase name="сheckEmailWithDashInAccountNAme" classname="edu.bsuir.test.candidate.EmailTest" time="41.302"/>
  <testcase name="сheckEmailWithUnderscoreInDomen" classname="edu.bsuir.test.candidate.EmailTest" time="37.862"/>
  <testcase name="сheckEmailWithSpaceInAccountName" classname="edu.bsuir.test.candidate.EmailTest" time="26.882"/>
  <testcase name="сheckEmailWithSpaceDotsInDomen" classname="edu.bsuir.test.candidate.EmailTest" time="36.625"/>
</testsuite>