<?xml version="1.0" encoding="UTF-8"?>
<testsuite xmlns:xsi="http://www.w3.org/2001/XMLSchema-instance" xsi:noNamespaceSchemaLocation="https://maven.apache.org/surefire/maven-surefire-plugin/xsd/surefire-test-report.xsd" name="edu.bsuir.test.candidate.AdditionFilesTest" time="570.013" tests="6" errors="0" skipped="0" failures="6">
  <properties>
[...]
</properties>
  <testcase name="removeDocuments" classname="edu.bsuir.test.candidate.AdditionFilesTest" time="48.568">
    <failure message="expected:&lt;[BigData.xls, sql.docx]&gt; but was:&lt;[BigData.xls, , sql.docx, ]&gt;" type="java.lang.AssertionError"><![CDATA[java.lang.AssertionError: expected:<[BigData.xls, sql.docx]> but was:<[BigData.xls, , sql.docx, ]>
	at edu.bsuir.test.candidate.AdditionFilesTest.removeDocuments(AdditionFilesTest.java:139)
]]></failure>
    <system-out><![CDATA[4
[[ChromeDriver: chrome on XP (9951e6b4577b4a2bc36bcdeb370102b0)] -> xpath: //div[@id='attached-files']/div[@class='control-group']/span]
[[ChromeDriver: chrome on XP (9951e6b4577b4a2bc36bcdeb370102b0)] -> xpath: //div[@id='attached-files']/div[@class='control-group']/span]
[[ChromeDriver: chrome on XP (9951e6b4577b4a2bc36bcdeb370102b0)] -> xpath: //div[@id='attached-files']/div[@class='control-group']/span]
[[ChromeDriver: chrome on XP (9951e6b4577b4a2bc36bcdeb370102b0)] -> xpath: //div[@id='attached-files']/div[@class='control-group']/span]
]]></system-out>
    <system-err><![CDATA[Starting ChromeDriver 2.37.544315 (730aa6a5fdba159ac9f4c1e8cbc59bf1b5ce12b7) on port 38617
Only local connections are allowed.
апр 12, 2018 9:38:52 AM org.openqa.selenium.remote.ProtocolHandshake createSession
INFO: Detected dialect: OSS
]]></system-err>
  </testcase>
  <testcase name="checkCountOfDocuments" classname="edu.bsuir.test.candidate.AdditionFilesTest" time="353.096">
    <failure message="expected:&lt;[BigData.xls, BigData.xls, BigData.xls, BigData.xls, BigData.xls, BigData.xls, BigData.xls, BigData.xls, BigData.xls, BigData.xls, BigData.xls, BigData.xls, BigData.xls, BigData.xls, BigData.xls, BigData.xls, BigData.xls, BigData.xls, BigData.xls, BigData.xls, BigData.xls, BigData.xls, BigData.xls, BigData.xls, BigData.xls, BigData.xls, BigData.xls, BigData.xls, BigData.xls, BigData.xls, BigData.xls, BigData.xls, BigData.xls, BigData.xls, BigData.xls, BigData.xls, BigData.xls, BigData.xls, BigData.xls, BigData.xls, BigData.xls, BigData.xls, BigData.xls, BigData.xls, BigData.xls, BigData.xls, BigData.xls, BigData.xls, BigData.xls, BigData.xls]&gt; but was:&lt;[BigData.xls, , BigData.xls, , BigData.xls, , BigData.xls, , BigData.xls, , BigData.xls, , BigData.xls, , BigData.xls, , BigData.xls, , BigData.xls, , BigData.xls, , BigData.xls, , BigData.xls, , BigData.xls, , BigData.xls, , BigData.xls, , BigData.xls, , BigData.xls, , BigData.xls, , BigData.xls, , BigData.xls, , BigData.xls, , BigData.xls, , BigData.xls, , BigData.xls, , BigData.xls, , BigData.xls, , BigData.xls, , BigData.xls, , BigData.xls, , BigData.xls, , BigData.xls, , BigData.xls, , BigData.xls, , BigData.xls, , BigData.xls, , BigData.xls, , BigData.xls, , BigData.xls, , BigData.xls, , BigData.xls, , BigData.xls, , BigData.xls, , BigData.xls, , BigData.xls, , BigData.xls, , BigData.xls, , BigData.xls, , BigData.xls, , BigData.xls, ]&gt;" type="java.lang.AssertionError"><![CDATA[java.lang.AssertionError: expected:<[BigData.xls, BigData.xls, BigData.xls, BigData.xls, BigData.xls, BigData.xls, BigData.xls, BigData.xls, BigData.xls, BigData.xls, BigData.xls, BigData.xls, BigData.xls, BigData.xls, BigData.xls, BigData.xls, BigData.xls, BigData.xls, BigData.xls, BigData.xls, BigData.xls, BigData.xls, BigData.xls, BigData.xls, BigData.xls, BigData.xls, BigData.xls, BigData.xls, BigData.xls, BigData.xls, BigData.xls, BigData.xls, BigData.xls, BigData.xls, BigData.xls, BigData.xls, BigData.xls, BigData.xls, BigData.xls, BigData.xls, BigData.xls, BigData.xls, BigData.xls, BigData.xls, BigData.xls, BigData.xls, BigData.xls, BigData.xls, BigData.xls, BigData.xls]> but was:<[BigData.xls, , BigData.xls, , BigData.xls, , BigData.xls, , BigData.xls, , BigData.xls, , BigData.xls, , BigData.xls, , BigData.xls, , BigData.xls, , BigData.xls, , BigData.xls, , BigData.xls, , BigData.xls, , BigData.xls, , BigData.xls, , BigData.xls, , BigData.xls, , BigData.xls, , BigData.xls, , BigData.xls, , BigData.xls, , BigData.xls, , BigData.xls, , BigData.xls, , BigData.xls, , BigData.xls, , BigData.xls, , BigData.xls, , BigData.xls, , BigData.xls, , BigData.xls, , BigData.xls, , BigData.xls, , BigData.xls, , BigData.xls, , BigData.xls, , BigData.xls, , BigData.xls, , BigData.xls, , BigData.xls, , BigData.xls, , BigData.xls, , BigData.xls, , BigData.xls, , BigData.xls, , BigData.xls, , BigData.xls, , BigData.xls, , BigData.xls, ]>
	at edu.bsuir.test.candidate.AdditionFilesTest.checkCountOfDocuments(AdditionFilesTest.java:120)
]]></failure>
    <system-out><![CDATA[100
[[ChromeDriver: chrome on XP (9e6d1cd572858d3f7098c2b875a54074)] -> xpath: //div[@id='attached-files']/div[@class='control-group']/span]
[[ChromeDriver: chrome on XP (9e6d1cd572858d3f7098c2b875a54074)] -> xpath: //div[@id='attached-files']/div[@class='control-group']/span]
[[ChromeDriver: chrome on XP (9e6d1cd572858d3f7098c2b875a54074)] -> xpath: //div[@id='attached-files']/div[@class='control-group']/span]
[[ChromeDriver: chrome on XP (9e6d1cd572858d3f7098c2b875a54074)] -> xpath: //div[@id='attached-files']/div[@class='control-group']/span]
[[ChromeDriver: chrome on XP (9e6d1cd572858d3f7098c2b875a54074)] -> xpath: //div[@id='attached-files']/div[@class='control-group']/span]
[[ChromeDriver: chrome on XP (9e6d1cd572858d3f7098c2b875a54074)] -> xpath: //div[@id='attached-files']/div[@class='control-group']/span]
[[ChromeDriver: chrome on XP (9e6d1cd572858d3f7098c2b875a54074)] -> xpath: //div[@id='attached-files']/div[@class='control-group']/span]
[[ChromeDriver: chrome on XP (9e6d1cd572858d3f7098c2b875a54074)] -> xpath: //div[@id='attached-files']/div[@class='control-group']/span]
[[ChromeDriver: chrome on XP (9e6d1cd572858d3f7098c2b875a54074)] -> xpath: //div[@id='attached-files']/div[@class='control-group']/span]
[[ChromeDriver: chrome on XP (9e6d1cd572858d3f7098c2b875a54074)] -> xpath: //div[@id='attached-files']/div[@class='control-group']/span]
[[ChromeDriver: chrome on XP (9e6d1cd572858d3f7098c2b875a54074)] -> xpath: //div[@id='attached-files']/div[@class='control-group']/span]
[[ChromeDriver: chrome on XP (9e6d1cd572858d3f7098c2b875a54074)] -> xpath: //div[@id='attached-files']/div[@class='control-group']/span]
[[ChromeDriver: chrome on XP (9e6d1cd572858d3f7098c2b875a54074)] -> xpath: //div[@id='attached-files']/div[@class='control-group']/span]
[[ChromeDriver: chrome on XP (9e6d1cd572858d3f7098c2b875a54074)] -> xpath: //div[@id='attached-files']/div[@class='control-group']/span]
[[ChromeDriver: chrome on XP (9e6d1cd572858d3f7098c2b875a54074)] -> xpath: //div[@id='attached-files']/div[@class='control-group']/span]
[[ChromeDriver: chrome on XP (9e6d1cd572858d3f7098c2b875a54074)] -> xpath: //div[@id='attached-files']/div[@class='control-group']/span]
[[ChromeDriver: chrome on XP (9e6d1cd572858d3f7098c2b875a54074)] -> xpath: //div[@id='attached-files']/div[@class='control-group']/span]
[[ChromeDriver: chrome on XP (9e6d1cd572858d3f7098c2b875a54074)] -> xpath: //div[@id='attached-files']/div[@class='control-group']/span]
[[ChromeDriver: chrome on XP (9e6d1cd572858d3f7098c2b875a54074)] -> xpath: //div[@id='attached-files']/div[@class='control-group']/span]
[[ChromeDriver: chrome on XP (9e6d1cd572858d3f7098c2b875a54074)] -> xpath: //div[@id='attached-files']/div[@class='control-group']/span]
[[ChromeDriver: chrome on XP (9e6d1cd572858d3f7098c2b875a54074)] -> xpath: //div[@id='attached-files']/div[@class='control-group']/span]
[[ChromeDriver: chrome on XP (9e6d1cd572858d3f7098c2b875a54074)] -> xpath: //div[@id='attached-files']/div[@class='control-group']/span]
[[ChromeDriver: chrome on XP (9e6d1cd572858d3f7098c2b875a54074)] -> xpath: //div[@id='attached-files']/div[@class='control-group']/span]
[[ChromeDriver: chrome on XP (9e6d1cd572858d3f7098c2b875a54074)] -> xpath: //div[@id='attached-files']/div[@class='control-group']/span]
[[ChromeDriver: chrome on XP (9e6d1cd572858d3f7098c2b875a54074)] -> xpath: //div[@id='attached-files']/div[@class='control-group']/span]
[[ChromeDriver: chrome on XP (9e6d1cd572858d3f7098c2b875a54074)] -> xpath: //div[@id='attached-files']/div[@class='control-group']/span]
[[ChromeDriver: chrome on XP (9e6d1cd572858d3f7098c2b875a54074)] -> xpath: //div[@id='attached-files']/div[@class='control-group']/span]
[[ChromeDriver: chrome on XP (9e6d1cd572858d3f7098c2b875a54074)] -> xpath: //div[@id='attached-files']/div[@class='control-group']/span]
[[ChromeDriver: chrome on XP (9e6d1cd572858d3f7098c2b875a54074)] -> xpath: //div[@id='attached-files']/div[@class='control-group']/span]
[[ChromeDriver: chrome on XP (9e6d1cd572858d3f7098c2b875a54074)] -> xpath: //div[@id='attached-files']/div[@class='control-group']/span]
[[ChromeDriver: chrome on XP (9e6d1cd572858d3f7098c2b875a54074)] -> xpath: //div[@id='attached-files']/div[@class='control-group']/span]
[[ChromeDriver: chrome on XP (9e6d1cd572858d3f7098c2b875a54074)] -> xpath: //div[@id='attached-files']/div[@class='control-group']/span]
[[ChromeDriver: chrome on XP (9e6d1cd572858d3f7098c2b875a54074)] -> xpath: //div[@id='attached-files']/div[@class='control-group']/span]
[[ChromeDriver: chrome on XP (9e6d1cd572858d3f7098c2b875a54074)] -> xpath: //div[@id='attached-files']/div[@class='control-group']/span]
[[ChromeDriver: chrome on XP (9e6d1cd572858d3f7098c2b875a54074)] -> xpath: //div[@id='attached-files']/div[@class='control-group']/span]
[[ChromeDriver: chrome on XP (9e6d1cd572858d3f7098c2b875a54074)] -> xpath: //div[@id='attached-files']/div[@class='control-group']/span]
[[ChromeDriver: chrome on XP (9e6d1cd572858d3f7098c2b875a54074)] -> xpath: //div[@id='attached-files']/div[@class='control-group']/span]
[[ChromeDriver: chrome on XP (9e6d1cd572858d3f7098c2b875a54074)] -> xpath: //div[@id='attached-files']/div[@class='control-group']/span]
[[ChromeDriver: chrome on XP (9e6d1cd572858d3f7098c2b875a54074)] -> xpath: //div[@id='attached-files']/div[@class='control-group']/span]
[[ChromeDriver: chrome on XP (9e6d1cd572858d3f7098c2b875a54074)] -> xpath: //div[@id='attached-files']/div[@class='control-group']/span]
[[ChromeDriver: chrome on XP (9e6d1cd572858d3f7098c2b875a54074)] -> xpath: //div[@id='attached-files']/div[@class='control-group']/span]
[[ChromeDriver: chrome on XP (9e6d1cd572858d3f7098c2b875a54074)] -> xpath: //div[@id='attached-files']/div[@class='control-group']/span]
[[ChromeDriver: chrome on XP (9e6d1cd572858d3f7098c2b875a54074)] -> xpath: //div[@id='attached-files']/div[@class='control-group']/span]
[[ChromeDriver: chrome on XP (9e6d1cd572858d3f7098c2b875a54074)] -> xpath: //div[@id='attached-files']/div[@class='control-group']/span]
[[ChromeDriver: chrome on XP (9e6d1cd572858d3f7098c2b875a54074)] -> xpath: //div[@id='attached-files']/div[@class='control-group']/span]
[[ChromeDriver: chrome on XP (9e6d1cd572858d3f7098c2b875a54074)] -> xpath: //div[@id='attached-files']/div[@class='control-group']/span]
[[ChromeDriver: chrome on XP (9e6d1cd572858d3f7098c2b875a54074)] -> xpath: //div[@id='attached-files']/div[@class='control-group']/span]
[[ChromeDriver: chrome on XP (9e6d1cd572858d3f7098c2b875a54074)] -> xpath: //div[@id='attached-files']/div[@class='control-group']/span]
[[ChromeDriver: chrome on XP (9e6d1cd572858d3f7098c2b875a54074)] -> xpath: //div[@id='attached-files']/div[@class='control-group']/span]
[[ChromeDriver: chrome on XP (9e6d1cd572858d3f7098c2b875a54074)] -> xpath: //div[@id='attached-files']/div[@class='control-group']/span]
[[ChromeDriver: chrome on XP (9e6d1cd572858d3f7098c2b875a54074)] -> xpath: //div[@id='attached-files']/div[@class='control-group']/span]
[[ChromeDriver: chrome on XP (9e6d1cd572858d3f7098c2b875a54074)] -> xpath: //div[@id='attached-files']/div[@class='control-group']/span]
[[ChromeDriver: chrome on XP (9e6d1cd572858d3f7098c2b875a54074)] -> xpath: //div[@id='attached-files']/div[@class='control-group']/span]
[[ChromeDriver: chrome on XP (9e6d1cd572858d3f7098c2b875a54074)] -> xpath: //div[@id='attached-files']/div[@class='control-group']/span]
[[ChromeDriver: chrome on XP (9e6d1cd572858d3f7098c2b875a54074)] -> xpath: //div[@id='attached-files']/div[@class='control-group']/span]
[[ChromeDriver: chrome on XP (9e6d1cd572858d3f7098c2b875a54074)] -> xpath: //div[@id='attached-files']/div[@class='control-group']/span]
[[ChromeDriver: chrome on XP (9e6d1cd572858d3f7098c2b875a54074)] -> xpath: //div[@id='attached-files']/div[@class='control-group']/span]
[[ChromeDriver: chrome on XP (9e6d1cd572858d3f7098c2b875a54074)] -> xpath: //div[@id='attached-files']/div[@class='control-group']/span]
[[ChromeDriver: chrome on XP (9e6d1cd572858d3f7098c2b875a54074)] -> xpath: //div[@id='attached-files']/div[@class='control-group']/span]
[[ChromeDriver: chrome on XP (9e6d1cd572858d3f7098c2b875a54074)] -> xpath: //div[@id='attached-files']/div[@class='control-group']/span]
[[ChromeDriver: chrome on XP (9e6d1cd572858d3f7098c2b875a54074)] -> xpath: //div[@id='attached-files']/div[@class='control-group']/span]
[[ChromeDriver: chrome on XP (9e6d1cd572858d3f7098c2b875a54074)] -> xpath: //div[@id='attached-files']/div[@class='control-group']/span]
[[ChromeDriver: chrome on XP (9e6d1cd572858d3f7098c2b875a54074)] -> xpath: //div[@id='attached-files']/div[@class='control-group']/span]
[[ChromeDriver: chrome on XP (9e6d1cd572858d3f7098c2b875a54074)] -> xpath: //div[@id='attached-files']/div[@class='control-group']/span]
[[ChromeDriver: chrome on XP (9e6d1cd572858d3f7098c2b875a54074)] -> xpath: //div[@id='attached-files']/div[@class='control-group']/span]
[[ChromeDriver: chrome on XP (9e6d1cd572858d3f7098c2b875a54074)] -> xpath: //div[@id='attached-files']/div[@class='control-group']/span]
[[ChromeDriver: chrome on XP (9e6d1cd572858d3f7098c2b875a54074)] -> xpath: //div[@id='attached-files']/div[@class='control-group']/span]
[[ChromeDriver: chrome on XP (9e6d1cd572858d3f7098c2b875a54074)] -> xpath: //div[@id='attached-files']/div[@class='control-group']/span]
[[ChromeDriver: chrome on XP (9e6d1cd572858d3f7098c2b875a54074)] -> xpath: //div[@id='attached-files']/div[@class='control-group']/span]
[[ChromeDriver: chrome on XP (9e6d1cd572858d3f7098c2b875a54074)] -> xpath: //div[@id='attached-files']/div[@class='control-group']/span]
[[ChromeDriver: chrome on XP (9e6d1cd572858d3f7098c2b875a54074)] -> xpath: //div[@id='attached-files']/div[@class='control-group']/span]
[[ChromeDriver: chrome on XP (9e6d1cd572858d3f7098c2b875a54074)] -> xpath: //div[@id='attached-files']/div[@class='control-group']/span]
[[ChromeDriver: chrome on XP (9e6d1cd572858d3f7098c2b875a54074)] -> xpath: //div[@id='attached-files']/div[@class='control-group']/span]
[[ChromeDriver: chrome on XP (9e6d1cd572858d3f7098c2b875a54074)] -> xpath: //div[@id='attached-files']/div[@class='control-group']/span]
[[ChromeDriver: chrome on XP (9e6d1cd572858d3f7098c2b875a54074)] -> xpath: //div[@id='attached-files']/div[@class='control-group']/span]
[[ChromeDriver: chrome on XP (9e6d1cd572858d3f7098c2b875a54074)] -> xpath: //div[@id='attached-files']/div[@class='control-group']/span]
[[ChromeDriver: chrome on XP (9e6d1cd572858d3f7098c2b875a54074)] -> xpath: //div[@id='attached-files']/div[@class='control-group']/span]
[[ChromeDriver: chrome on XP (9e6d1cd572858d3f7098c2b875a54074)] -> xpath: //div[@id='attached-files']/div[@class='control-group']/span]
[[ChromeDriver: chrome on XP (9e6d1cd572858d3f7098c2b875a54074)] -> xpath: //div[@id='attached-files']/div[@class='control-group']/span]
[[ChromeDriver: chrome on XP (9e6d1cd572858d3f7098c2b875a54074)] -> xpath: //div[@id='attached-files']/div[@class='control-group']/span]
[[ChromeDriver: chrome on XP (9e6d1cd572858d3f7098c2b875a54074)] -> xpath: //div[@id='attached-files']/div[@class='control-group']/span]
[[ChromeDriver: chrome on XP (9e6d1cd572858d3f7098c2b875a54074)] -> xpath: //div[@id='attached-files']/div[@class='control-group']/span]
[[ChromeDriver: chrome on XP (9e6d1cd572858d3f7098c2b875a54074)] -> xpath: //div[@id='attached-files']/div[@class='control-group']/span]
[[ChromeDriver: chrome on XP (9e6d1cd572858d3f7098c2b875a54074)] -> xpath: //div[@id='attached-files']/div[@class='control-group']/span]
[[ChromeDriver: chrome on XP (9e6d1cd572858d3f7098c2b875a54074)] -> xpath: //div[@id='attached-files']/div[@class='control-group']/span]
[[ChromeDriver: chrome on XP (9e6d1cd572858d3f7098c2b875a54074)] -> xpath: //div[@id='attached-files']/div[@class='control-group']/span]
[[ChromeDriver: chrome on XP (9e6d1cd572858d3f7098c2b875a54074)] -> xpath: //div[@id='attached-files']/div[@class='control-group']/span]
[[ChromeDriver: chrome on XP (9e6d1cd572858d3f7098c2b875a54074)] -> xpath: //div[@id='attached-files']/div[@class='control-group']/span]
[[ChromeDriver: chrome on XP (9e6d1cd572858d3f7098c2b875a54074)] -> xpath: //div[@id='attached-files']/div[@class='control-group']/span]
[[ChromeDriver: chrome on XP (9e6d1cd572858d3f7098c2b875a54074)] -> xpath: //div[@id='attached-files']/div[@class='control-group']/span]
[[ChromeDriver: chrome on XP (9e6d1cd572858d3f7098c2b875a54074)] -> xpath: //div[@id='attached-files']/div[@class='control-group']/span]
[[ChromeDriver: chrome on XP (9e6d1cd572858d3f7098c2b875a54074)] -> xpath: //div[@id='attached-files']/div[@class='control-group']/span]
[[ChromeDriver: chrome on XP (9e6d1cd572858d3f7098c2b875a54074)] -> xpath: //div[@id='attached-files']/div[@class='control-group']/span]
[[ChromeDriver: chrome on XP (9e6d1cd572858d3f7098c2b875a54074)] -> xpath: //div[@id='attached-files']/div[@class='control-group']/span]
[[ChromeDriver: chrome on XP (9e6d1cd572858d3f7098c2b875a54074)] -> xpath: //div[@id='attached-files']/div[@class='control-group']/span]
[[ChromeDriver: chrome on XP (9e6d1cd572858d3f7098c2b875a54074)] -> xpath: //div[@id='attached-files']/div[@class='control-group']/span]
[[ChromeDriver: chrome on XP (9e6d1cd572858d3f7098c2b875a54074)] -> xpath: //div[@id='attached-files']/div[@class='control-group']/span]
[[ChromeDriver: chrome on XP (9e6d1cd572858d3f7098c2b875a54074)] -> xpath: //div[@id='attached-files']/div[@class='control-group']/span]
[[ChromeDriver: chrome on XP (9e6d1cd572858d3f7098c2b875a54074)] -> xpath: //div[@id='attached-files']/div[@class='control-group']/span]
[[ChromeDriver: chrome on XP (9e6d1cd572858d3f7098c2b875a54074)] -> xpath: //div[@id='attached-files']/div[@class='control-group']/span]
]]></system-out>
    <system-err><![CDATA[Starting ChromeDriver 2.37.544315 (730aa6a5fdba159ac9f4c1e8cbc59bf1b5ce12b7) on port 9070
Only local connections are allowed.
апр 12, 2018 9:39:43 AM org.openqa.selenium.remote.ProtocolHandshake createSession
INFO: Detected dialect: OSS
]]></system-err>
  </testcase>
  <testcase name="addFileDOC" classname="edu.bsuir.test.candidate.AdditionFilesTest" time="37.696">
    <failure message="expected:&lt;[sql.docx]&gt; but was:&lt;[sql.docx, ]&gt;" type="java.lang.AssertionError"><![CDATA[java.lang.AssertionError: expected:<[sql.docx]> but was:<[sql.docx, ]>
	at edu.bsuir.test.candidate.AdditionFilesTest.addFileDOC(AdditionFilesTest.java:54)
]]></failure>
    <system-out><![CDATA[2
[[ChromeDriver: chrome on XP (310d179533eabdd56159c133b2c6d136)] -> xpath: //div[@id='attached-files']/div[@class='control-group']/span]
[[ChromeDriver: chrome on XP (310d179533eabdd56159c133b2c6d136)] -> xpath: //div[@id='attached-files']/div[@class='control-group']/span]
]]></system-out>
    <system-err><![CDATA[Starting ChromeDriver 2.37.544315 (730aa6a5fdba159ac9f4c1e8cbc59bf1b5ce12b7) on port 27123
Only local connections are allowed.
апр 12, 2018 9:45:40 AM org.openqa.selenium.remote.ProtocolHandshake createSession
INFO: Detected dialect: OSS
]]></system-err>
  </testcase>
  <testcase name="addFileMP4" classname="edu.bsuir.test.candidate.AdditionFilesTest" time="35.966">
    <failure message="expected:&lt;[video.mp4]&gt; but was:&lt;[video.mp4, ]&gt;" type="java.lang.AssertionError"><![CDATA[java.lang.AssertionError: expected:<[video.mp4]> but was:<[video.mp4, ]>
	at edu.bsuir.test.candidate.AdditionFilesTest.addFileMP4(AdditionFilesTest.java:85)
]]></failure>
    <system-out><![CDATA[2
[[ChromeDriver: chrome on XP (3a5a68dff4b673eb8444d2be56e63d53)] -> xpath: //div[@id='attached-files']/div[@class='control-group']/span]
[[ChromeDriver: chrome on XP (3a5a68dff4b673eb8444d2be56e63d53)] -> xpath: //div[@id='attached-files']/div[@class='control-group']/span]
]]></system-out>
    <system-err><![CDATA[Starting ChromeDriver 2.37.544315 (730aa6a5fdba159ac9f4c1e8cbc59bf1b5ce12b7) on port 46029
Only local connections are allowed.
апр 12, 2018 9:46:21 AM org.openqa.selenium.remote.ProtocolHandshake createSession
INFO: Detected dialect: OSS
]]></system-err>
  </testcase>
  <testcase name="addFilePDF" classname="edu.bsuir.test.candidate.AdditionFilesTest" time="36.969">
    <failure message="expected:&lt;[sql.pdf]&gt; but was:&lt;[sql.pdf, ]&gt;" type="java.lang.AssertionError"><![CDATA[java.lang.AssertionError: expected:<[sql.pdf]> but was:<[sql.pdf, ]>
	at edu.bsuir.test.candidate.AdditionFilesTest.addFilePDF(AdditionFilesTest.java:69)
]]></failure>
    <system-out><![CDATA[2
[[ChromeDriver: chrome on XP (97413e29bae87e734cedcb73d24f671c)] -> xpath: //div[@id='attached-files']/div[@class='control-group']/span]
[[ChromeDriver: chrome on XP (97413e29bae87e734cedcb73d24f671c)] -> xpath: //div[@id='attached-files']/div[@class='control-group']/span]
]]></system-out>
    <system-err><![CDATA[Starting ChromeDriver 2.37.544315 (730aa6a5fdba159ac9f4c1e8cbc59bf1b5ce12b7) on port 22461
Only local connections are allowed.
апр 12, 2018 9:47:01 AM org.openqa.selenium.remote.ProtocolHandshake createSession
INFO: Detected dialect: OSS
]]></system-err>
  </testcase>
  <testcase name="addFileXLS" classname="edu.bsuir.test.candidate.AdditionFilesTest" time="36.429">
    <failure message="expected:&lt;[BigData.xls]&gt; but was:&lt;[BigData.xls, ]&gt;" type="java.lang.AssertionError"><![CDATA[java.lang.AssertionError: expected:<[BigData.xls]> but was:<[BigData.xls, ]>
	at edu.bsuir.test.candidate.AdditionFilesTest.addFileXLS(AdditionFilesTest.java:101)
]]></failure>
    <system-out><![CDATA[2
[[ChromeDriver: chrome on XP (0d380991def9a7ca71dc645b4ecd7123)] -> xpath: //div[@id='attached-files']/div[@class='control-group']/span]
[[ChromeDriver: chrome on XP (0d380991def9a7ca71dc645b4ecd7123)] -> xpath: //div[@id='attached-files']/div[@class='control-group']/span]
]]></system-out>
    <system-err><![CDATA[Starting ChromeDriver 2.37.544315 (730aa6a5fdba159ac9f4c1e8cbc59bf1b5ce12b7) on port 13757
Only local connections are allowed.
апр 12, 2018 9:47:42 AM org.openqa.selenium.remote.ProtocolHandshake createSession
INFO: Detected dialect: OSS
]]></system-err>
  </testcase>
</testsuite>