{"uuid":"5659f0bc-8beb-4c0f-9462-582f85c0253c","historyId":"421939cdc7942357548c08082517ab31","fullName":"edu.bsuir.test.ApplicationForWorkTest.checkApprove","labels":[{"name":"package","value":"edu.bsuir.test"},{"name":"testClass","value":"edu.bsuir.test.ApplicationForWorkTest"},{"name":"testMethod","value":"checkApprove"},{"name":"suite","value":"edu.bsuir.test.ApplicationForWorkTest"},{"name":"host","value":"Anya"},{"name":"thread","value":"10932@Anya.main(1)"},{"name":"feature","value":"Создание заявки"},{"name":"story","value":"Сценарий 4 – Согласование заявки "},{"name":"severity","value":"normal"}],"links":[],"name":"Согласование заявки ","status":"failed","statusDetails":{"known":false,"muted":false,"flaky":false,"message":"By.xpath: //a[@id='reviewButton'] is not found. ","trace":"java.lang.AssertionError: By.xpath: //a[@id='reviewButton'] is not found. \r\n\tat org.junit.Assert.fail(Assert.java:88)\r\n\tat org.junit.Assert.assertTrue(Assert.java:41)\r\n\tat edu.bsuir.entity.Element.assertPresence(Element.java:75)\r\n\tat edu.bsuir.entity.Element.click(Element.java:79)\r\n\tat edu.bsuir.web.page.ApplicationPage.reviewApplication_aroundBody4(ApplicationPage.java:31)\r\n\tat edu.bsuir.web.page.ApplicationPage$AjcClosure5.run(ApplicationPage.java:1)\r\n\tat org.aspectj.runtime.reflect.JoinPointImpl.proceed(JoinPointImpl.java:149)\r\n\tat io.qameta.allure.aspects.StepsAspects.step(StepsAspects.java:51)\r\n\tat edu.bsuir.web.page.ApplicationPage.reviewApplication(ApplicationPage.java:31)\r\n\tat edu.bsuir.test.ApplicationForWorkTest.checkApprove(ApplicationForWorkTest.java:208)\r\n\tat sun.reflect.NativeMethodAccessorImpl.invoke0(Native Method)\r\n\tat sun.reflect.NativeMethodAccessorImpl.invoke(NativeMethodAccessorImpl.java:62)\r\n\tat sun.reflect.DelegatingMethodAccessorImpl.invoke(DelegatingMethodAccessorImpl.java:43)\r\n\tat java.lang.reflect.Method.invoke(Method.java:483)\r\n\tat org.junit.runners.model.FrameworkMethod$1.runReflectiveCall(FrameworkMethod.java:50)\r\n\tat org.junit.internal.runners.model.ReflectiveCallable.run(ReflectiveCallable.java:12)\r\n\tat org.junit.runners.model.FrameworkMethod.invokeExplosively(FrameworkMethod.java:47)\r\n\tat org.junit.internal.runners.statements.InvokeMethod.evaluate(InvokeMethod.java:17)\r\n\tat org.junit.internal.runners.statements.RunBefores.evaluate(RunBefores.java:26)\r\n\tat org.junit.internal.runners.statements.RunAfters.evaluate(RunAfters.java:27)\r\n\tat org.junit.runners.ParentRunner.runLeaf(ParentRunner.java:325)\r\n\tat org.junit.runners.BlockJUnit4ClassRunner.runChild(BlockJUnit4ClassRunner.java:78)\r\n\tat org.junit.runners.BlockJUnit4ClassRunner.runChild(BlockJUnit4ClassRunner.java:57)\r\n\tat org.junit.runners.ParentRunner$3.run(ParentRunner.java:290)\r\n\tat org.junit.runners.ParentRunner$1.schedule(ParentRunner.java:71)\r\n\tat org.junit.runners.ParentRunner.runChildren(ParentRunner.java:288)\r\n\tat org.junit.runners.ParentRunner.access$000(ParentRunner.java:58)\r\n\tat org.junit.runners.ParentRunner$2.evaluate(ParentRunner.java:268)\r\n\tat org.junit.runners.ParentRunner.run(ParentRunner.java:363)\r\n\tat org.apache.maven.surefire.junit4.JUnit4Provider.execute(JUnit4Provider.java:365)\r\n\tat org.apache.maven.surefire.junit4.JUnit4Provider.executeWithRerun(JUnit4Provider.java:272)\r\n\tat org.apache.maven.surefire.junit4.JUnit4Provider.executeTestSet(JUnit4Provider.java:236)\r\n\tat org.apache.maven.surefire.junit4.JUnit4Provider.invoke(JUnit4Provider.java:159)\r\n\tat org.apache.maven.surefire.booter.ForkedBooter.invokeProviderInSameClassLoader(ForkedBooter.java:386)\r\n\tat org.apache.maven.surefire.booter.ForkedBooter.runSuitesInProcess(ForkedBooter.java:323)\r\n\tat org.apache.maven.surefire.booter.ForkedBooter.main(ForkedBooter.java:143)\r\n"},"stage":"finished","description":"Согласование  заявки после ее рассмотрение","start":1523877309511,"stop":1523877417175,"steps":[{"name":" Вход в систему под CHIEF_RECRUITER","status":"passed","stage":"finished","start":1523877309511,"stop":1523877329441,"steps":[{"name":" Вход в систему под kabanov@tc.by, welcome","status":"passed","stage":"finished","start":1523877309520,"stop":1523877329441,"steps":[{"name":"Открытие страницы логина и пароля","status":"passed","stage":"finished","start":1523877309521,"stop":1523877317859},{"name":"Ввод логина kabanov@tc.by","status":"passed","stage":"finished","start":1523877317860,"stop":1523877318708,"parameters":[{"name":"userName","value":"kabanov@tc.by"}]},{"name":"Ввод пароля welcome","status":"passed","stage":"finished","start":1523877318708,"stop":1523877319316,"parameters":[{"name":"userPassword","value":"welcome"}]},{"name":"Нажатие на кнопки 'Вход' ","status":"passed","stage":"finished","start":1523877319316,"stop":1523877329441}],"parameters":[{"name":"login","value":"kabanov@tc.by"},{"name":"password","value":"welcome"}]}],"parameters":[{"name":"role","value":"CHIEF_RECRUITER"}]},{"name":"открытие страницы подбора и адаптации","status":"passed","stage":"finished","start":1523877329441,"stop":1523877333033},{"name":"нажатие на кнопку создания заявки","status":"passed","stage":"finished","start":1523877333033,"stop":1523877337974},{"name":"ввод должности : programmer","status":"passed","stage":"finished","start":1523877337975,"stop":1523877339037,"parameters":[{"name":"name","value":"programmer"}]},{"name":"установка типа еонтракта ","status":"passed","stage":"finished","start":1523877339037,"stop":1523877339673},{"name":" установка импа кондидата ","status":"passed","stage":"finished","start":1523877339674,"stop":1523877340439},{"name":" установка обязательных компетенций ","status":"passed","stage":"finished","start":1523877340440,"stop":1523877350058},{"name":" сохранение заявки ","status":"passed","stage":"finished","start":1523877355058,"stop":1523877355726},{"name":" отправление заявки на согласование","status":"passed","stage":"finished","start":1523877360757,"stop":1523877363710},{"name":" выбор соотрудников, которые должны рассмотреть заявку ","status":"passed","stage":"finished","start":1523877363738,"stop":1523877370973},{"name":" выбор соотрудников, которые должны cогласовать заявку ","status":"passed","stage":"finished","start":1523877372974,"stop":1523877379774},{"name":" выбор соотрудников, которые должны ознакомиться с заявкой ","status":"passed","stage":"finished","start":1523877381775,"stop":1523877388930},{"name":" соотрудники, которые должны рассмотреть заявку ","status":"passed","stage":"finished","start":1523877390930,"stop":1523877391126},{"name":" соотрудники, которые должны cогласовать заявку ","status":"passed","stage":"finished","start":1523877391127,"stop":1523877391296},{"name":" соотрудники, которые должны ознакомиться с заявкой ","status":"passed","stage":"finished","start":1523877391296,"stop":1523877391680},{"name":" отправить заявку на ознакомление, согласование и рассмотрение соотрудникам","status":"passed","stage":"finished","start":1523877391680,"stop":1523877392191},{"name":"Открытие страницы c заявками","status":"passed","stage":"finished","start":1523877397214,"stop":1523877399283},{"name":"Поиск заявки","status":"passed","stage":"finished","start":1523877399283,"stop":1523877406291,"parameters":[{"name":"appName","value":"programmer"}]},{"name":"рассмотреть заявку","status":"failed","statusDetails":{"known":false,"muted":false,"flaky":false,"message":"By.xpath: //a[@id='reviewButton'] is not found. ","trace":"java.lang.AssertionError: By.xpath: //a[@id='reviewButton'] is not found. \r\n\tat org.junit.Assert.fail(Assert.java:88)\r\n\tat org.junit.Assert.assertTrue(Assert.java:41)\r\n\tat edu.bsuir.entity.Element.assertPresence(Element.java:75)\r\n\tat edu.bsuir.entity.Element.click(Element.java:79)\r\n\tat edu.bsuir.web.page.ApplicationPage.reviewApplication_aroundBody4(ApplicationPage.java:31)\r\n\tat edu.bsuir.web.page.ApplicationPage$AjcClosure5.run(ApplicationPage.java:1)\r\n\tat org.aspectj.runtime.reflect.JoinPointImpl.proceed(JoinPointImpl.java:149)\r\n\tat io.qameta.allure.aspects.StepsAspects.step(StepsAspects.java:51)\r\n\tat edu.bsuir.web.page.ApplicationPage.reviewApplication(ApplicationPage.java:31)\r\n\tat edu.bsuir.test.ApplicationForWorkTest.checkApprove(ApplicationForWorkTest.java:208)\r\n\tat sun.reflect.NativeMethodAccessorImpl.invoke0(Native Method)\r\n\tat sun.reflect.NativeMethodAccessorImpl.invoke(NativeMethodAccessorImpl.java:62)\r\n\tat sun.reflect.DelegatingMethodAccessorImpl.invoke(DelegatingMethodAccessorImpl.java:43)\r\n\tat java.lang.reflect.Method.invoke(Method.java:483)\r\n\tat org.junit.runners.model.FrameworkMethod$1.runReflectiveCall(FrameworkMethod.java:50)\r\n\tat org.junit.internal.runners.model.ReflectiveCallable.run(ReflectiveCallable.java:12)\r\n\tat org.junit.runners.model.FrameworkMethod.invokeExplosively(FrameworkMethod.java:47)\r\n\tat org.junit.internal.runners.statements.InvokeMethod.evaluate(InvokeMethod.java:17)\r\n\tat org.junit.internal.runners.statements.RunBefores.evaluate(RunBefores.java:26)\r\n\tat org.junit.internal.runners.statements.RunAfters.evaluate(RunAfters.java:27)\r\n\tat org.junit.runners.ParentRunner.runLeaf(ParentRunner.java:325)\r\n\tat org.junit.runners.BlockJUnit4ClassRunner.runChild(BlockJUnit4ClassRunner.java:78)\r\n\tat org.junit.runners.BlockJUnit4ClassRunner.runChild(BlockJUnit4ClassRunner.java:57)\r\n\tat org.junit.runners.ParentRunner$3.run(ParentRunner.java:290)\r\n\tat org.junit.runners.ParentRunner$1.schedule(ParentRunner.java:71)\r\n\tat org.junit.runners.ParentRunner.runChildren(ParentRunner.java:288)\r\n\tat org.junit.runners.ParentRunner.access$000(ParentRunner.java:58)\r\n\tat org.junit.runners.ParentRunner$2.evaluate(ParentRunner.java:268)\r\n\tat org.junit.runners.ParentRunner.run(ParentRunner.java:363)\r\n\tat org.apache.maven.surefire.junit4.JUnit4Provider.execute(JUnit4Provider.java:365)\r\n\tat org.apache.maven.surefire.junit4.JUnit4Provider.executeWithRerun(JUnit4Provider.java:272)\r\n\tat org.apache.maven.surefire.junit4.JUnit4Provider.executeTestSet(JUnit4Provider.java:236)\r\n\tat org.apache.maven.surefire.junit4.JUnit4Provider.invoke(JUnit4Provider.java:159)\r\n\tat org.apache.maven.surefire.booter.ForkedBooter.invokeProviderInSameClassLoader(ForkedBooter.java:386)\r\n\tat org.apache.maven.surefire.booter.ForkedBooter.runSuitesInProcess(ForkedBooter.java:323)\r\n\tat org.apache.maven.surefire.booter.ForkedBooter.main(ForkedBooter.java:143)\r\n"},"stage":"finished","start":1523877406291,"stop":1523877416835}]}