{"uuid":"83808f71-9ec9-44dc-b6f6-f1d2768fa787","historyId":"25dab18467415a4cb007749ef7e2e093","fullName":"edu.bsuir.test.LoginTest.сheckLoginDifferentCase","labels":[{"name":"package","value":"edu.bsuir.test"},{"name":"testClass","value":"edu.bsuir.test.LoginTest"},{"name":"testMethod","value":"сheckLoginDifferentCase"},{"name":"suite","value":"edu.bsuir.test.LoginTest"},{"name":"host","value":"Anya"},{"name":"thread","value":"10932@Anya.main(1)"},{"name":"feature","value":"Вход в систему"},{"name":"story","value":"Сценарий 5 – Регистр "},{"name":"severity","value":"normal"}],"links":[],"name":"Разный регистр в поле логина","status":"failed","statusDetails":{"known":false,"muted":false,"flaky":false,"message":"By.xpath: //div[@class='portlet-body']/div[@class='alert alert-error'] is not found. ","trace":"java.lang.AssertionError: By.xpath: //div[@class='portlet-body']/div[@class='alert alert-error'] is not found. \r\n\tat org.junit.Assert.fail(Assert.java:88)\r\n\tat org.junit.Assert.assertTrue(Assert.java:41)\r\n\tat edu.bsuir.entity.Element.assertPresence(Element.java:75)\r\n\tat edu.bsuir.entity.Element.getText(Element.java:99)\r\n\tat edu.bsuir.web.page.LoginPage.getErrorMessage_aroundBody6(LoginPage.java:29)\r\n\tat edu.bsuir.web.page.LoginPage$AjcClosure7.run(LoginPage.java:1)\r\n\tat org.aspectj.runtime.reflect.JoinPointImpl.proceed(JoinPointImpl.java:149)\r\n\tat io.qameta.allure.aspects.StepsAspects.step(StepsAspects.java:51)\r\n\tat edu.bsuir.web.page.LoginPage.getErrorMessage(LoginPage.java:29)\r\n\tat edu.bsuir.test.LoginTest.сheckLoginDifferentCase(LoginTest.java:231)\r\n\tat sun.reflect.NativeMethodAccessorImpl.invoke0(Native Method)\r\n\tat sun.reflect.NativeMethodAccessorImpl.invoke(NativeMethodAccessorImpl.java:62)\r\n\tat sun.reflect.DelegatingMethodAccessorImpl.invoke(DelegatingMethodAccessorImpl.java:43)\r\n\tat java.lang.reflect.Method.invoke(Method.java:483)\r\n\tat org.junit.runners.model.FrameworkMethod$1.runReflectiveCall(FrameworkMethod.java:50)\r\n\tat org.junit.internal.runners.model.ReflectiveCallable.run(ReflectiveCallable.java:12)\r\n\tat org.junit.runners.model.FrameworkMethod.invokeExplosively(FrameworkMethod.java:47)\r\n\tat org.junit.internal.runners.statements.InvokeMethod.evaluate(InvokeMethod.java:17)\r\n\tat org.junit.internal.runners.statements.RunBefores.evaluate(RunBefores.java:26)\r\n\tat org.junit.internal.runners.statements.RunAfters.evaluate(RunAfters.java:27)\r\n\tat org.junit.runners.ParentRunner.runLeaf(ParentRunner.java:325)\r\n\tat org.junit.runners.BlockJUnit4ClassRunner.runChild(BlockJUnit4ClassRunner.java:78)\r\n\tat org.junit.runners.BlockJUnit4ClassRunner.runChild(BlockJUnit4ClassRunner.java:57)\r\n\tat org.junit.runners.ParentRunner$3.run(ParentRunner.java:290)\r\n\tat org.junit.runners.ParentRunner$1.schedule(ParentRunner.java:71)\r\n\tat org.junit.runners.ParentRunner.runChildren(ParentRunner.java:288)\r\n\tat org.junit.runners.ParentRunner.access$000(ParentRunner.java:58)\r\n\tat org.junit.runners.ParentRunner$2.evaluate(ParentRunner.java:268)\r\n\tat org.junit.runners.ParentRunner.run(ParentRunner.java:363)\r\n\tat org.apache.maven.surefire.junit4.JUnit4Provider.execute(JUnit4Provider.java:365)\r\n\tat org.apache.maven.surefire.junit4.JUnit4Provider.executeWithRerun(JUnit4Provider.java:272)\r\n\tat org.apache.maven.surefire.junit4.JUnit4Provider.executeTestSet(JUnit4Provider.java:236)\r\n\tat org.apache.maven.surefire.junit4.JUnit4Provider.invoke(JUnit4Provider.java:159)\r\n\tat org.apache.maven.surefire.booter.ForkedBooter.invokeProviderInSameClassLoader(ForkedBooter.java:386)\r\n\tat org.apache.maven.surefire.booter.ForkedBooter.runSuitesInProcess(ForkedBooter.java:323)\r\n\tat org.apache.maven.surefire.booter.ForkedBooter.main(ForkedBooter.java:143)\r\n"},"stage":"finished","description":"Ввод корректного пароля и логина с буквами разного регистра","start":1523883548771,"stop":1523883581254,"steps":[{"name":" Вход в систему под kaBanoV@tc.by, welcome","status":"passed","stage":"finished","start":1523883548772,"stop":1523883569024,"steps":[{"name":"Открытие страницы логина и пароля","status":"passed","stage":"finished","start":1523883548772,"stop":1523883557317},{"name":"Ввод логина kaBanoV@tc.by","status":"passed","stage":"finished","start":1523883557317,"stop":1523883559226,"parameters":[{"name":"userName","value":"kaBanoV@tc.by"}]},{"name":"Ввод пароля welcome","status":"passed","stage":"finished","start":1523883559226,"stop":1523883560162,"parameters":[{"name":"userPassword","value":"welcome"}]},{"name":"Нажатие на кнопки 'Вход' ","status":"passed","stage":"finished","start":1523883560162,"stop":1523883569024}],"parameters":[{"name":"login","value":"kaBanoV@tc.by"},{"name":"password","value":"welcome"}]},{"name":"Получение текста ошибки при вводе некорректных данных ","status":"failed","statusDetails":{"known":false,"muted":false,"flaky":false,"message":"By.xpath: //div[@class='portlet-body']/div[@class='alert alert-error'] is not found. ","trace":"java.lang.AssertionError: By.xpath: //div[@class='portlet-body']/div[@class='alert alert-error'] is not found. \r\n\tat org.junit.Assert.fail(Assert.java:88)\r\n\tat org.junit.Assert.assertTrue(Assert.java:41)\r\n\tat edu.bsuir.entity.Element.assertPresence(Element.java:75)\r\n\tat edu.bsuir.entity.Element.getText(Element.java:99)\r\n\tat edu.bsuir.web.page.LoginPage.getErrorMessage_aroundBody6(LoginPage.java:29)\r\n\tat edu.bsuir.web.page.LoginPage$AjcClosure7.run(LoginPage.java:1)\r\n\tat org.aspectj.runtime.reflect.JoinPointImpl.proceed(JoinPointImpl.java:149)\r\n\tat io.qameta.allure.aspects.StepsAspects.step(StepsAspects.java:51)\r\n\tat edu.bsuir.web.page.LoginPage.getErrorMessage(LoginPage.java:29)\r\n\tat edu.bsuir.test.LoginTest.сheckLoginDifferentCase(LoginTest.java:231)\r\n\tat sun.reflect.NativeMethodAccessorImpl.invoke0(Native Method)\r\n\tat sun.reflect.NativeMethodAccessorImpl.invoke(NativeMethodAccessorImpl.java:62)\r\n\tat sun.reflect.DelegatingMethodAccessorImpl.invoke(DelegatingMethodAccessorImpl.java:43)\r\n\tat java.lang.reflect.Method.invoke(Method.java:483)\r\n\tat org.junit.runners.model.FrameworkMethod$1.runReflectiveCall(FrameworkMethod.java:50)\r\n\tat org.junit.internal.runners.model.ReflectiveCallable.run(ReflectiveCallable.java:12)\r\n\tat org.junit.runners.model.FrameworkMethod.invokeExplosively(FrameworkMethod.java:47)\r\n\tat org.junit.internal.runners.statements.InvokeMethod.evaluate(InvokeMethod.java:17)\r\n\tat org.junit.internal.runners.statements.RunBefores.evaluate(RunBefores.java:26)\r\n\tat org.junit.internal.runners.statements.RunAfters.evaluate(RunAfters.java:27)\r\n\tat org.junit.runners.ParentRunner.runLeaf(ParentRunner.java:325)\r\n\tat org.junit.runners.BlockJUnit4ClassRunner.runChild(BlockJUnit4ClassRunner.java:78)\r\n\tat org.junit.runners.BlockJUnit4ClassRunner.runChild(BlockJUnit4ClassRunner.java:57)\r\n\tat org.junit.runners.ParentRunner$3.run(ParentRunner.java:290)\r\n\tat org.junit.runners.ParentRunner$1.schedule(ParentRunner.java:71)\r\n\tat org.junit.runners.ParentRunner.runChildren(ParentRunner.java:288)\r\n\tat org.junit.runners.ParentRunner.access$000(ParentRunner.java:58)\r\n\tat org.junit.runners.ParentRunner$2.evaluate(ParentRunner.java:268)\r\n\tat org.junit.runners.ParentRunner.run(ParentRunner.java:363)\r\n\tat org.apache.maven.surefire.junit4.JUnit4Provider.execute(JUnit4Provider.java:365)\r\n\tat org.apache.maven.surefire.junit4.JUnit4Provider.executeWithRerun(JUnit4Provider.java:272)\r\n\tat org.apache.maven.surefire.junit4.JUnit4Provider.executeTestSet(JUnit4Provider.java:236)\r\n\tat org.apache.maven.surefire.junit4.JUnit4Provider.invoke(JUnit4Provider.java:159)\r\n\tat org.apache.maven.surefire.booter.ForkedBooter.invokeProviderInSameClassLoader(ForkedBooter.java:386)\r\n\tat org.apache.maven.surefire.booter.ForkedBooter.runSuitesInProcess(ForkedBooter.java:323)\r\n\tat org.apache.maven.surefire.booter.ForkedBooter.main(ForkedBooter.java:143)\r\n"},"stage":"finished","start":1523883569024,"stop":1523883579149}]}