{"uuid":"f17e0a9b-023b-49f7-9783-c3586e159806","historyId":"108f0de5cdf37d68d7d607065f3b4845","fullName":"edu.bsuir.test.ApplicationForWorkTest.checkAnnulApp","labels":[{"name":"package","value":"edu.bsuir.test"},{"name":"testClass","value":"edu.bsuir.test.ApplicationForWorkTest"},{"name":"testMethod","value":"checkAnnulApp"},{"name":"suite","value":"edu.bsuir.test.ApplicationForWorkTest"},{"name":"host","value":"Anya"},{"name":"thread","value":"14100@Anya.main(1)"},{"name":"feature","value":"Создание заявки"},{"name":"story","value":"Сценарий 6 – Аннулирование "},{"name":"severity","value":"normal"}],"links":[],"name":"Аннулирование","status":"failed","statusDetails":{"known":false,"muted":false,"flaky":false,"message":"By.xpath: //a[@id='reviewButton'] is not found. ","trace":"java.lang.AssertionError: By.xpath: //a[@id='reviewButton'] is not found. \r\n\tat org.junit.Assert.fail(Assert.java:88)\r\n\tat org.junit.Assert.assertTrue(Assert.java:41)\r\n\tat edu.bsuir.entity.Element.assertPresence(Element.java:75)\r\n\tat edu.bsuir.entity.Element.click(Element.java:79)\r\n\tat edu.bsuir.web.page.ApplicationPage.reviewApplication_aroundBody4(ApplicationPage.java:31)\r\n\tat edu.bsuir.web.page.ApplicationPage$AjcClosure5.run(ApplicationPage.java:1)\r\n\tat org.aspectj.runtime.reflect.JoinPointImpl.proceed(JoinPointImpl.java:149)\r\n\tat io.qameta.allure.aspects.StepsAspects.step(StepsAspects.java:51)\r\n\tat edu.bsuir.web.page.ApplicationPage.reviewApplication(ApplicationPage.java:31)\r\n\tat edu.bsuir.test.ApplicationForWorkTest.checkAnnulApp(ApplicationForWorkTest.java:325)\r\n\tat sun.reflect.NativeMethodAccessorImpl.invoke0(Native Method)\r\n\tat sun.reflect.NativeMethodAccessorImpl.invoke(NativeMethodAccessorImpl.java:62)\r\n\tat sun.reflect.DelegatingMethodAccessorImpl.invoke(DelegatingMethodAccessorImpl.java:43)\r\n\tat java.lang.reflect.Method.invoke(Method.java:483)\r\n\tat org.junit.runners.model.FrameworkMethod$1.runReflectiveCall(FrameworkMethod.java:50)\r\n\tat org.junit.internal.runners.model.ReflectiveCallable.run(ReflectiveCallable.java:12)\r\n\tat org.junit.runners.model.FrameworkMethod.invokeExplosively(FrameworkMethod.java:47)\r\n\tat org.junit.internal.runners.statements.InvokeMethod.evaluate(InvokeMethod.java:17)\r\n\tat org.junit.internal.runners.statements.RunBefores.evaluate(RunBefores.java:26)\r\n\tat org.junit.internal.runners.statements.RunAfters.evaluate(RunAfters.java:27)\r\n\tat org.junit.runners.ParentRunner.runLeaf(ParentRunner.java:325)\r\n\tat org.junit.runners.BlockJUnit4ClassRunner.runChild(BlockJUnit4ClassRunner.java:78)\r\n\tat org.junit.runners.BlockJUnit4ClassRunner.runChild(BlockJUnit4ClassRunner.java:57)\r\n\tat org.junit.runners.ParentRunner$3.run(ParentRunner.java:290)\r\n\tat org.junit.runners.ParentRunner$1.schedule(ParentRunner.java:71)\r\n\tat org.junit.runners.ParentRunner.runChildren(ParentRunner.java:288)\r\n\tat org.junit.runners.ParentRunner.access$000(ParentRunner.java:58)\r\n\tat org.junit.runners.ParentRunner$2.evaluate(ParentRunner.java:268)\r\n\tat org.junit.runners.ParentRunner.run(ParentRunner.java:363)\r\n\tat org.apache.maven.surefire.junit4.JUnit4Provider.execute(JUnit4Provider.java:365)\r\n\tat org.apache.maven.surefire.junit4.JUnit4Provider.executeWithRerun(JUnit4Provider.java:272)\r\n\tat org.apache.maven.surefire.junit4.JUnit4Provider.executeTestSet(JUnit4Provider.java:236)\r\n\tat org.apache.maven.surefire.junit4.JUnit4Provider.invoke(JUnit4Provider.java:159)\r\n\tat org.apache.maven.surefire.booter.ForkedBooter.invokeProviderInSameClassLoader(ForkedBooter.java:386)\r\n\tat org.apache.maven.surefire.booter.ForkedBooter.runSuitesInProcess(ForkedBooter.java:323)\r\n\tat org.apache.maven.surefire.booter.ForkedBooter.main(ForkedBooter.java:143)\r\n"},"stage":"finished","description":"Аннулирование заявки","start":1523870899098,"stop":1523871011161,"steps":[{"name":" Вход в систему под CHIEF_RECRUITER","status":"passed","stage":"finished","start":1523870899098,"stop":1523870916829,"steps":[{"name":" Вход в систему под kabanov@tc.by, welcome","status":"passed","stage":"finished","start":1523870899112,"stop":1523870916829,"steps":[{"name":"Открытие страницы логина и пароля","status":"passed","stage":"finished","start":1523870899113,"stop":1523870904603},{"name":"Ввод логина kabanov@tc.by","status":"passed","stage":"finished","start":1523870904604,"stop":1523870905950,"parameters":[{"name":"userName","value":"kabanov@tc.by"}]},{"name":"Ввод пароля welcome","status":"passed","stage":"finished","start":1523870905951,"stop":1523870907230,"parameters":[{"name":"userPassword","value":"welcome"}]},{"name":"Нажатие на кнопки 'Вход' ","status":"passed","stage":"finished","start":1523870907231,"stop":1523870916829}],"parameters":[{"name":"login","value":"kabanov@tc.by"},{"name":"password","value":"welcome"}]}],"parameters":[{"name":"role","value":"CHIEF_RECRUITER"}]},{"name":"открытие страницы подбора и адаптации","status":"passed","stage":"finished","start":1523870916829,"stop":1523870920974},{"name":"нажатие на кнопку создания заявки","status":"passed","stage":"finished","start":1523870920975,"stop":1523870925353},{"name":"ввод должности : programmer","status":"passed","stage":"finished","start":1523870925354,"stop":1523870926283,"parameters":[{"name":"name","value":"programmer"}]},{"name":"установка типа еонтракта ","status":"passed","stage":"finished","start":1523870926284,"stop":1523870926844},{"name":" установка импа кондидата ","status":"passed","stage":"finished","start":1523870926844,"stop":1523870927552},{"name":" установка обязательных компетенций ","status":"passed","stage":"finished","start":1523870927552,"stop":1523870936366},{"name":" сохранение заявки ","status":"passed","stage":"finished","start":1523870941366,"stop":1523870942115},{"name":" отправление заявки на согласование","status":"passed","stage":"finished","start":1523870947148,"stop":1523870950660},{"name":" выбор соотрудников, которые должны рассмотреть заявку ","status":"passed","stage":"finished","start":1523870950701,"stop":1523870958612},{"name":" выбор соотрудников, которые должны cогласовать заявку ","status":"passed","stage":"finished","start":1523870960612,"stop":1523870967401},{"name":" выбор соотрудников, которые должны ознакомиться с заявкой ","status":"passed","stage":"finished","start":1523870969402,"stop":1523870976030},{"name":" соотрудники, которые должны рассмотреть заявку ","status":"passed","stage":"finished","start":1523870978031,"stop":1523870978203},{"name":" соотрудники, которые должны cогласовать заявку ","status":"passed","stage":"finished","start":1523870978203,"stop":1523870978397},{"name":" соотрудники, которые должны ознакомиться с заявкой ","status":"passed","stage":"finished","start":1523870978397,"stop":1523870978633},{"name":" отправить заявку на ознакомление, согласование и рассмотрение соотрудникам","status":"passed","stage":"finished","start":1523870978633,"stop":1523870979200},{"name":"Открытие страницы c заявками","status":"passed","stage":"finished","start":1523870984251,"stop":1523870986892},{"name":"Поиск заявки","status":"passed","stage":"finished","start":1523870986893,"stop":1523870998958,"parameters":[{"name":"appName","value":"programmer"}]},{"name":"рассмотреть заявку","status":"failed","statusDetails":{"known":false,"muted":false,"flaky":false,"message":"By.xpath: //a[@id='reviewButton'] is not found. ","trace":"java.lang.AssertionError: By.xpath: //a[@id='reviewButton'] is not found. \r\n\tat org.junit.Assert.fail(Assert.java:88)\r\n\tat org.junit.Assert.assertTrue(Assert.java:41)\r\n\tat edu.bsuir.entity.Element.assertPresence(Element.java:75)\r\n\tat edu.bsuir.entity.Element.click(Element.java:79)\r\n\tat edu.bsuir.web.page.ApplicationPage.reviewApplication_aroundBody4(ApplicationPage.java:31)\r\n\tat edu.bsuir.web.page.ApplicationPage$AjcClosure5.run(ApplicationPage.java:1)\r\n\tat org.aspectj.runtime.reflect.JoinPointImpl.proceed(JoinPointImpl.java:149)\r\n\tat io.qameta.allure.aspects.StepsAspects.step(StepsAspects.java:51)\r\n\tat edu.bsuir.web.page.ApplicationPage.reviewApplication(ApplicationPage.java:31)\r\n\tat edu.bsuir.test.ApplicationForWorkTest.checkAnnulApp(ApplicationForWorkTest.java:325)\r\n\tat sun.reflect.NativeMethodAccessorImpl.invoke0(Native Method)\r\n\tat sun.reflect.NativeMethodAccessorImpl.invoke(NativeMethodAccessorImpl.java:62)\r\n\tat sun.reflect.DelegatingMethodAccessorImpl.invoke(DelegatingMethodAccessorImpl.java:43)\r\n\tat java.lang.reflect.Method.invoke(Method.java:483)\r\n\tat org.junit.runners.model.FrameworkMethod$1.runReflectiveCall(FrameworkMethod.java:50)\r\n\tat org.junit.internal.runners.model.ReflectiveCallable.run(ReflectiveCallable.java:12)\r\n\tat org.junit.runners.model.FrameworkMethod.invokeExplosively(FrameworkMethod.java:47)\r\n\tat org.junit.internal.runners.statements.InvokeMethod.evaluate(InvokeMethod.java:17)\r\n\tat org.junit.internal.runners.statements.RunBefores.evaluate(RunBefores.java:26)\r\n\tat org.junit.internal.runners.statements.RunAfters.evaluate(RunAfters.java:27)\r\n\tat org.junit.runners.ParentRunner.runLeaf(ParentRunner.java:325)\r\n\tat org.junit.runners.BlockJUnit4ClassRunner.runChild(BlockJUnit4ClassRunner.java:78)\r\n\tat org.junit.runners.BlockJUnit4ClassRunner.runChild(BlockJUnit4ClassRunner.java:57)\r\n\tat org.junit.runners.ParentRunner$3.run(ParentRunner.java:290)\r\n\tat org.junit.runners.ParentRunner$1.schedule(ParentRunner.java:71)\r\n\tat org.junit.runners.ParentRunner.runChildren(ParentRunner.java:288)\r\n\tat org.junit.runners.ParentRunner.access$000(ParentRunner.java:58)\r\n\tat org.junit.runners.ParentRunner$2.evaluate(ParentRunner.java:268)\r\n\tat org.junit.runners.ParentRunner.run(ParentRunner.java:363)\r\n\tat org.apache.maven.surefire.junit4.JUnit4Provider.execute(JUnit4Provider.java:365)\r\n\tat org.apache.maven.surefire.junit4.JUnit4Provider.executeWithRerun(JUnit4Provider.java:272)\r\n\tat org.apache.maven.surefire.junit4.JUnit4Provider.executeTestSet(JUnit4Provider.java:236)\r\n\tat org.apache.maven.surefire.junit4.JUnit4Provider.invoke(JUnit4Provider.java:159)\r\n\tat org.apache.maven.surefire.booter.ForkedBooter.invokeProviderInSameClassLoader(ForkedBooter.java:386)\r\n\tat org.apache.maven.surefire.booter.ForkedBooter.runSuitesInProcess(ForkedBooter.java:323)\r\n\tat org.apache.maven.surefire.booter.ForkedBooter.main(ForkedBooter.java:143)\r\n"},"stage":"finished","start":1523870998958,"stop":1523871009033}]}