{"uuid":"ff830add-75d7-47f4-8c8d-07a9382a16c6","historyId":"5b9a0dd7de82ceba2fb07c4bbe437f08","fullName":"edu.bsuir.test.candidate.TextFieldTest.сheckLenghtOfFirstName","labels":[{"name":"package","value":"edu.bsuir.test.candidate"},{"name":"testClass","value":"edu.bsuir.test.candidate.TextFieldTest"},{"name":"testMethod","value":"сheckLenghtOfFirstName"},{"name":"suite","value":"edu.bsuir.test.candidate.TextFieldTest"},{"name":"host","value":"Anya"},{"name":"thread","value":"3636@Anya.main(1)"},{"name":"feature","value":"Создание кандидата"},{"name":"story","value":"Сценарий 1 – Проверка тексового поля 'Имя'"},{"name":"severity","value":"normal"}],"links":[],"name":"Ввод большой строки","status":"failed","statusDetails":{"known":false,"muted":false,"flaky":false,"message":"By.xpath: //input[@id='name'] is not found. ","trace":"java.lang.AssertionError: By.xpath: //input[@id='name'] is not found. \r\n\tat org.junit.Assert.fail(Assert.java:88)\r\n\tat org.junit.Assert.assertTrue(Assert.java:41)\r\n\tat edu.bsuir.entity.Element.assertPresence(Element.java:75)\r\n\tat edu.bsuir.entity.Element.setText(Element.java:104)\r\n\tat edu.bsuir.web.page.CreateCandidatePage.setName_aroundBody0(CreateCandidatePage.java:21)\r\n\tat edu.bsuir.web.page.CreateCandidatePage$AjcClosure1.run(CreateCandidatePage.java:1)\r\n\tat org.aspectj.runtime.reflect.JoinPointImpl.proceed(JoinPointImpl.java:149)\r\n\tat io.qameta.allure.aspects.StepsAspects.step(StepsAspects.java:51)\r\n\tat edu.bsuir.web.page.CreateCandidatePage.setName(CreateCandidatePage.java:21)\r\n\tat edu.bsuir.test.candidate.TextFieldTest.сheckLenghtOfFirstName(TextFieldTest.java:74)\r\n\tat sun.reflect.NativeMethodAccessorImpl.invoke0(Native Method)\r\n\tat sun.reflect.NativeMethodAccessorImpl.invoke(NativeMethodAccessorImpl.java:62)\r\n\tat sun.reflect.DelegatingMethodAccessorImpl.invoke(DelegatingMethodAccessorImpl.java:43)\r\n\tat java.lang.reflect.Method.invoke(Method.java:483)\r\n\tat org.junit.runners.model.FrameworkMethod$1.runReflectiveCall(FrameworkMethod.java:50)\r\n\tat org.junit.internal.runners.model.ReflectiveCallable.run(ReflectiveCallable.java:12)\r\n\tat org.junit.runners.model.FrameworkMethod.invokeExplosively(FrameworkMethod.java:47)\r\n\tat org.junit.internal.runners.statements.InvokeMethod.evaluate(InvokeMethod.java:17)\r\n\tat org.junit.internal.runners.statements.RunBefores.evaluate(RunBefores.java:26)\r\n\tat org.junit.internal.runners.statements.RunAfters.evaluate(RunAfters.java:27)\r\n\tat org.junit.runners.ParentRunner.runLeaf(ParentRunner.java:325)\r\n\tat org.junit.runners.BlockJUnit4ClassRunner.runChild(BlockJUnit4ClassRunner.java:78)\r\n\tat org.junit.runners.BlockJUnit4ClassRunner.runChild(BlockJUnit4ClassRunner.java:57)\r\n\tat org.junit.runners.ParentRunner$3.run(ParentRunner.java:290)\r\n\tat org.junit.runners.ParentRunner$1.schedule(ParentRunner.java:71)\r\n\tat org.junit.runners.ParentRunner.runChildren(ParentRunner.java:288)\r\n\tat org.junit.runners.ParentRunner.access$000(ParentRunner.java:58)\r\n\tat org.junit.runners.ParentRunner$2.evaluate(ParentRunner.java:268)\r\n\tat org.junit.runners.ParentRunner.run(ParentRunner.java:363)\r\n\tat org.apache.maven.surefire.junit4.JUnit4Provider.execute(JUnit4Provider.java:365)\r\n\tat org.apache.maven.surefire.junit4.JUnit4Provider.executeWithRerun(JUnit4Provider.java:272)\r\n\tat org.apache.maven.surefire.junit4.JUnit4Provider.executeTestSet(JUnit4Provider.java:236)\r\n\tat org.apache.maven.surefire.junit4.JUnit4Provider.invoke(JUnit4Provider.java:159)\r\n\tat org.apache.maven.surefire.booter.ForkedBooter.invokeProviderInSameClassLoader(ForkedBooter.java:386)\r\n\tat org.apache.maven.surefire.booter.ForkedBooter.runSuitesInProcess(ForkedBooter.java:323)\r\n\tat org.apache.maven.surefire.booter.ForkedBooter.main(ForkedBooter.java:143)\r\n"},"stage":"finished","description":"Ввод имени, содержащий 200 любых символов","start":1523541339575,"stop":1523541543483,"steps":[{"name":" Вход в систему под CHIEF_RECRUITER","status":"passed","stage":"finished","start":1523541339576,"stop":1523541352895,"steps":[{"name":" Вход в систему под kabanov@tc.by, welcome","status":"passed","stage":"finished","start":1523541339594,"stop":1523541352895,"steps":[{"name":"Открытие страницы логина и пароля","status":"passed","stage":"finished","start":1523541339594,"stop":1523541344590},{"name":"Ввод логина kabanov@tc.by","status":"passed","stage":"finished","start":1523541344590,"stop":1523541345493,"parameters":[{"name":"userName","value":"kabanov@tc.by"}]},{"name":"Ввод пароля welcome","status":"passed","stage":"finished","start":1523541345494,"stop":1523541345954,"parameters":[{"name":"userPassword","value":"welcome"}]},{"name":"Нажатие на кнопки 'Вход' ","status":"passed","stage":"finished","start":1523541345954,"stop":1523541352895}],"parameters":[{"name":"login","value":"kabanov@tc.by"},{"name":"password","value":"welcome"}]}],"parameters":[{"name":"role","value":"CHIEF_RECRUITER"}]},{"name":" открытие формы создания нового кандидата","status":"passed","stage":"finished","start":1523541352896,"stop":1523541533333},{"name":" установка имени кандидата g2Ul6C#^~^QE=SNKs8D#n~>>/)(ufbRMIe>DvV)nN%~b!k&R/aLV#kKsSo!w$.6$HKXPM>KLZLD^@81>A1SZrh^7QbJ0Kr{%6,&gcgV*SLAB3Gw?>M,G$,_SCUtN@-+0*?1H@$Q([6A19f7L%m~#]b8+7i?O1qa>]^e*V&yLFC4M8SHcgj+2nct&U4YHg{5[1U^8r2Su ","status":"failed","statusDetails":{"known":false,"muted":false,"flaky":false,"message":"By.xpath: //input[@id='name'] is not found. ","trace":"java.lang.AssertionError: By.xpath: //input[@id='name'] is not found. \r\n\tat org.junit.Assert.fail(Assert.java:88)\r\n\tat org.junit.Assert.assertTrue(Assert.java:41)\r\n\tat edu.bsuir.entity.Element.assertPresence(Element.java:75)\r\n\tat edu.bsuir.entity.Element.setText(Element.java:104)\r\n\tat edu.bsuir.web.page.CreateCandidatePage.setName_aroundBody0(CreateCandidatePage.java:21)\r\n\tat edu.bsuir.web.page.CreateCandidatePage$AjcClosure1.run(CreateCandidatePage.java:1)\r\n\tat org.aspectj.runtime.reflect.JoinPointImpl.proceed(JoinPointImpl.java:149)\r\n\tat io.qameta.allure.aspects.StepsAspects.step(StepsAspects.java:51)\r\n\tat edu.bsuir.web.page.CreateCandidatePage.setName(CreateCandidatePage.java:21)\r\n\tat edu.bsuir.test.candidate.TextFieldTest.сheckLenghtOfFirstName(TextFieldTest.java:74)\r\n\tat sun.reflect.NativeMethodAccessorImpl.invoke0(Native Method)\r\n\tat sun.reflect.NativeMethodAccessorImpl.invoke(NativeMethodAccessorImpl.java:62)\r\n\tat sun.reflect.DelegatingMethodAccessorImpl.invoke(DelegatingMethodAccessorImpl.java:43)\r\n\tat java.lang.reflect.Method.invoke(Method.java:483)\r\n\tat org.junit.runners.model.FrameworkMethod$1.runReflectiveCall(FrameworkMethod.java:50)\r\n\tat org.junit.internal.runners.model.ReflectiveCallable.run(ReflectiveCallable.java:12)\r\n\tat org.junit.runners.model.FrameworkMethod.invokeExplosively(FrameworkMethod.java:47)\r\n\tat org.junit.internal.runners.statements.InvokeMethod.evaluate(InvokeMethod.java:17)\r\n\tat org.junit.internal.runners.statements.RunBefores.evaluate(RunBefores.java:26)\r\n\tat org.junit.internal.runners.statements.RunAfters.evaluate(RunAfters.java:27)\r\n\tat org.junit.runners.ParentRunner.runLeaf(ParentRunner.java:325)\r\n\tat org.junit.runners.BlockJUnit4ClassRunner.runChild(BlockJUnit4ClassRunner.java:78)\r\n\tat org.junit.runners.BlockJUnit4ClassRunner.runChild(BlockJUnit4ClassRunner.java:57)\r\n\tat org.junit.runners.ParentRunner$3.run(ParentRunner.java:290)\r\n\tat org.junit.runners.ParentRunner$1.schedule(ParentRunner.java:71)\r\n\tat org.junit.runners.ParentRunner.runChildren(ParentRunner.java:288)\r\n\tat org.junit.runners.ParentRunner.access$000(ParentRunner.java:58)\r\n\tat org.junit.runners.ParentRunner$2.evaluate(ParentRunner.java:268)\r\n\tat org.junit.runners.ParentRunner.run(ParentRunner.java:363)\r\n\tat org.apache.maven.surefire.junit4.JUnit4Provider.execute(JUnit4Provider.java:365)\r\n\tat org.apache.maven.surefire.junit4.JUnit4Provider.executeWithRerun(JUnit4Provider.java:272)\r\n\tat org.apache.maven.surefire.junit4.JUnit4Provider.executeTestSet(JUnit4Provider.java:236)\r\n\tat org.apache.maven.surefire.junit4.JUnit4Provider.invoke(JUnit4Provider.java:159)\r\n\tat org.apache.maven.surefire.booter.ForkedBooter.invokeProviderInSameClassLoader(ForkedBooter.java:386)\r\n\tat org.apache.maven.surefire.booter.ForkedBooter.runSuitesInProcess(ForkedBooter.java:323)\r\n\tat org.apache.maven.surefire.booter.ForkedBooter.main(ForkedBooter.java:143)\r\n"},"stage":"finished","start":1523541533333,"stop":1523541543372,"parameters":[{"name":"name","value":"g2Ul6C#^~^QE=SNKs8D#n~>>/)(ufbRMIe>DvV)nN%~b!k&R/aLV#kKsSo!w$.6$HKXPM>KLZLD^@81>A1SZrh^7QbJ0Kr{%6,&gcgV*SLAB3Gw?>M,G$,_SCUtN@-+0*?1H@$Q([6A19f7L%m~#]b8+7i?O1qa>]^e*V&yLFC4M8SHcgj+2nct&U4YHg{5[1U^8r2Su"}]}]}