{
  "uid" : "5a3d6d95de83ed8e",
  "name" : "Загрузка PDF",
  "fullName" : "edu.bsuir.test.candidate.AdditionResumeTest.loadResumePDF",
  "historyId" : "41dd92e0f81ff99e701fad9e8e683982",
  "time" : {
    "start" : 1523537344661,
    "stop" : 1523537374787,
    "duration" : 30126
  },
  "status" : "broken",
  "statusDetails" : {
    "message" : "Invalid key code",
    "trace" : "java.lang.IllegalArgumentException: Invalid key code\r\n\tat sun.awt.windows.WRobotPeer.keyPress(Native Method)\r\n\tat java.awt.Robot.keyPress(Robot.java:354)\r\n\tat org.sikuli.script.RobotDesktop.doKeyPress(RobotDesktop.java:101)\r\n\tat org.sikuli.script.RobotDesktop.doType(RobotDesktop.java:349)\r\n\tat org.sikuli.script.RobotDesktop.typeChar(RobotDesktop.java:362)\r\n\tat org.sikuli.script.Region.keyin(Region.java:4233)\r\n\tat org.sikuli.script.Region.type(Region.java:4162)\r\n\tat edu.bsuir.test.services.LoadingFile.uploadFileUsingSikuli_aroundBody10(LoadingFile.java:71)\r\n\tat edu.bsuir.test.services.LoadingFile$AjcClosure11.run(LoadingFile.java:1)\r\n\tat org.aspectj.runtime.reflect.JoinPointImpl.proceed(JoinPointImpl.java:149)\r\n\tat io.qameta.allure.aspects.StepsAspects.step(StepsAspects.java:51)\r\n\tat edu.bsuir.test.services.LoadingFile.uploadFileUsingSikuli(LoadingFile.java:66)\r\n\tat edu.bsuir.web.page.CreateCandidatePage.loadFileSikuli_aroundBody94(CreateCandidatePage.java:281)\r\n\tat edu.bsuir.web.page.CreateCandidatePage$AjcClosure95.run(CreateCandidatePage.java:1)\r\n\tat org.aspectj.runtime.reflect.JoinPointImpl.proceed(JoinPointImpl.java:149)\r\n\tat io.qameta.allure.aspects.StepsAspects.step(StepsAspects.java:51)\r\n\tat edu.bsuir.web.page.CreateCandidatePage.loadFileSikuli(CreateCandidatePage.java:281)\r\n\tat edu.bsuir.test.candidate.AdditionResumeTest.loadResumePDF(AdditionResumeTest.java:74)\r\n\tat sun.reflect.NativeMethodAccessorImpl.invoke0(Native Method)\r\n\tat sun.reflect.NativeMethodAccessorImpl.invoke(NativeMethodAccessorImpl.java:62)\r\n\tat sun.reflect.DelegatingMethodAccessorImpl.invoke(DelegatingMethodAccessorImpl.java:43)\r\n\tat java.lang.reflect.Method.invoke(Method.java:483)\r\n\tat org.junit.runners.model.FrameworkMethod$1.runReflectiveCall(FrameworkMethod.java:50)\r\n\tat org.junit.internal.runners.model.ReflectiveCallable.run(ReflectiveCallable.java:12)\r\n\tat org.junit.runners.model.FrameworkMethod.invokeExplosively(FrameworkMethod.java:47)\r\n\tat org.junit.internal.runners.statements.InvokeMethod.evaluate(InvokeMethod.java:17)\r\n\tat org.junit.internal.runners.statements.RunBefores.evaluate(RunBefores.java:26)\r\n\tat org.junit.internal.runners.statements.RunAfters.evaluate(RunAfters.java:27)\r\n\tat org.junit.runners.ParentRunner.runLeaf(ParentRunner.java:325)\r\n\tat org.junit.runners.BlockJUnit4ClassRunner.runChild(BlockJUnit4ClassRunner.java:78)\r\n\tat org.junit.runners.BlockJUnit4ClassRunner.runChild(BlockJUnit4ClassRunner.java:57)\r\n\tat org.junit.runners.ParentRunner$3.run(ParentRunner.java:290)\r\n\tat org.junit.runners.ParentRunner$1.schedule(ParentRunner.java:71)\r\n\tat org.junit.runners.ParentRunner.runChildren(ParentRunner.java:288)\r\n\tat org.junit.runners.ParentRunner.access$000(ParentRunner.java:58)\r\n\tat org.junit.runners.ParentRunner$2.evaluate(ParentRunner.java:268)\r\n\tat org.junit.runners.ParentRunner.run(ParentRunner.java:363)\r\n\tat org.apache.maven.surefire.junit4.JUnit4Provider.execute(JUnit4Provider.java:365)\r\n\tat org.apache.maven.surefire.junit4.JUnit4Provider.executeWithRerun(JUnit4Provider.java:272)\r\n\tat org.apache.maven.surefire.junit4.JUnit4Provider.executeTestSet(JUnit4Provider.java:236)\r\n\tat org.apache.maven.surefire.junit4.JUnit4Provider.invoke(JUnit4Provider.java:159)\r\n\tat org.apache.maven.surefire.booter.ForkedBooter.invokeProviderInSameClassLoader(ForkedBooter.java:386)\r\n\tat org.apache.maven.surefire.booter.ForkedBooter.runSuitesInProcess(ForkedBooter.java:323)\r\n\tat org.apache.maven.surefire.booter.ForkedBooter.main(ForkedBooter.java:143)\r\n",
    "flaky" : false
  },
  "description" : "Загрузка файлов с расширением PDF",
  "descriptionHtml" : "<p>Загрузка файлов с расширением PDF</p>",
  "beforeStages" : [ ],
  "testStage" : {
    "status" : "broken",
    "statusDetails" : {
      "message" : "Invalid key code",
      "trace" : "java.lang.IllegalArgumentException: Invalid key code\r\n\tat sun.awt.windows.WRobotPeer.keyPress(Native Method)\r\n\tat java.awt.Robot.keyPress(Robot.java:354)\r\n\tat org.sikuli.script.RobotDesktop.doKeyPress(RobotDesktop.java:101)\r\n\tat org.sikuli.script.RobotDesktop.doType(RobotDesktop.java:349)\r\n\tat org.sikuli.script.RobotDesktop.typeChar(RobotDesktop.java:362)\r\n\tat org.sikuli.script.Region.keyin(Region.java:4233)\r\n\tat org.sikuli.script.Region.type(Region.java:4162)\r\n\tat edu.bsuir.test.services.LoadingFile.uploadFileUsingSikuli_aroundBody10(LoadingFile.java:71)\r\n\tat edu.bsuir.test.services.LoadingFile$AjcClosure11.run(LoadingFile.java:1)\r\n\tat org.aspectj.runtime.reflect.JoinPointImpl.proceed(JoinPointImpl.java:149)\r\n\tat io.qameta.allure.aspects.StepsAspects.step(StepsAspects.java:51)\r\n\tat edu.bsuir.test.services.LoadingFile.uploadFileUsingSikuli(LoadingFile.java:66)\r\n\tat edu.bsuir.web.page.CreateCandidatePage.loadFileSikuli_aroundBody94(CreateCandidatePage.java:281)\r\n\tat edu.bsuir.web.page.CreateCandidatePage$AjcClosure95.run(CreateCandidatePage.java:1)\r\n\tat org.aspectj.runtime.reflect.JoinPointImpl.proceed(JoinPointImpl.java:149)\r\n\tat io.qameta.allure.aspects.StepsAspects.step(StepsAspects.java:51)\r\n\tat edu.bsuir.web.page.CreateCandidatePage.loadFileSikuli(CreateCandidatePage.java:281)\r\n\tat edu.bsuir.test.candidate.AdditionResumeTest.loadResumePDF(AdditionResumeTest.java:74)\r\n\tat sun.reflect.NativeMethodAccessorImpl.invoke0(Native Method)\r\n\tat sun.reflect.NativeMethodAccessorImpl.invoke(NativeMethodAccessorImpl.java:62)\r\n\tat sun.reflect.DelegatingMethodAccessorImpl.invoke(DelegatingMethodAccessorImpl.java:43)\r\n\tat java.lang.reflect.Method.invoke(Method.java:483)\r\n\tat org.junit.runners.model.FrameworkMethod$1.runReflectiveCall(FrameworkMethod.java:50)\r\n\tat org.junit.internal.runners.model.ReflectiveCallable.run(ReflectiveCallable.java:12)\r\n\tat org.junit.runners.model.FrameworkMethod.invokeExplosively(FrameworkMethod.java:47)\r\n\tat org.junit.internal.runners.statements.InvokeMethod.evaluate(InvokeMethod.java:17)\r\n\tat org.junit.internal.runners.statements.RunBefores.evaluate(RunBefores.java:26)\r\n\tat org.junit.internal.runners.statements.RunAfters.evaluate(RunAfters.java:27)\r\n\tat org.junit.runners.ParentRunner.runLeaf(ParentRunner.java:325)\r\n\tat org.junit.runners.BlockJUnit4ClassRunner.runChild(BlockJUnit4ClassRunner.java:78)\r\n\tat org.junit.runners.BlockJUnit4ClassRunner.runChild(BlockJUnit4ClassRunner.java:57)\r\n\tat org.junit.runners.ParentRunner$3.run(ParentRunner.java:290)\r\n\tat org.junit.runners.ParentRunner$1.schedule(ParentRunner.java:71)\r\n\tat org.junit.runners.ParentRunner.runChildren(ParentRunner.java:288)\r\n\tat org.junit.runners.ParentRunner.access$000(ParentRunner.java:58)\r\n\tat org.junit.runners.ParentRunner$2.evaluate(ParentRunner.java:268)\r\n\tat org.junit.runners.ParentRunner.run(ParentRunner.java:363)\r\n\tat org.apache.maven.surefire.junit4.JUnit4Provider.execute(JUnit4Provider.java:365)\r\n\tat org.apache.maven.surefire.junit4.JUnit4Provider.executeWithRerun(JUnit4Provider.java:272)\r\n\tat org.apache.maven.surefire.junit4.JUnit4Provider.executeTestSet(JUnit4Provider.java:236)\r\n\tat org.apache.maven.surefire.junit4.JUnit4Provider.invoke(JUnit4Provider.java:159)\r\n\tat org.apache.maven.surefire.booter.ForkedBooter.invokeProviderInSameClassLoader(ForkedBooter.java:386)\r\n\tat org.apache.maven.surefire.booter.ForkedBooter.runSuitesInProcess(ForkedBooter.java:323)\r\n\tat org.apache.maven.surefire.booter.ForkedBooter.main(ForkedBooter.java:143)\r\n",
      "flaky" : false
    },
    "steps" : [ {
      "name" : " Вход в систему под CHIEF_RECRUITER",
      "time" : {
        "start" : 1523537344662,
        "stop" : 1523537359333,
        "duration" : 14671
      },
      "status" : "passed",
      "hasContent" : true,
      "attachmentsCount" : 0,
      "stepsCount" : 5,
      "steps" : [ {
        "name" : " Вход в систему под kabanov@tc.by, welcome",
        "time" : {
          "start" : 1523537344679,
          "stop" : 1523537359333,
          "duration" : 14654
        },
        "status" : "passed",
        "hasContent" : true,
        "attachmentsCount" : 0,
        "stepsCount" : 4,
        "steps" : [ {
          "name" : "Открытие страницы логина и пароля",
          "time" : {
            "start" : 1523537344679,
            "stop" : 1523537349389,
            "duration" : 4710
          },
          "status" : "passed",
          "hasContent" : false,
          "attachmentsCount" : 0,
          "stepsCount" : 0,
          "steps" : [ ],
          "attachments" : [ ],
          "parameters" : [ ]
        }, {
          "name" : "Ввод логина kabanov@tc.by",
          "time" : {
            "start" : 1523537349390,
            "stop" : 1523537350342,
            "duration" : 952
          },
          "status" : "passed",
          "hasContent" : true,
          "attachmentsCount" : 0,
          "stepsCount" : 0,
          "steps" : [ ],
          "attachments" : [ ],
          "parameters" : [ {
            "name" : "userName",
            "value" : "kabanov@tc.by"
          } ]
        }, {
          "name" : "Ввод пароля welcome",
          "time" : {
            "start" : 1523537350342,
            "stop" : 1523537351247,
            "duration" : 905
          },
          "status" : "passed",
          "hasContent" : true,
          "attachmentsCount" : 0,
          "stepsCount" : 0,
          "steps" : [ ],
          "attachments" : [ ],
          "parameters" : [ {
            "name" : "userPassword",
            "value" : "welcome"
          } ]
        }, {
          "name" : "Нажатие на кнопки 'Вход' ",
          "time" : {
            "start" : 1523537351247,
            "stop" : 1523537359333,
            "duration" : 8086
          },
          "status" : "passed",
          "hasContent" : false,
          "attachmentsCount" : 0,
          "stepsCount" : 0,
          "steps" : [ ],
          "attachments" : [ ],
          "parameters" : [ ]
        } ],
        "attachments" : [ ],
        "parameters" : [ {
          "name" : "login",
          "value" : "kabanov@tc.by"
        }, {
          "name" : "password",
          "value" : "welcome"
        } ]
      } ],
      "attachments" : [ ],
      "parameters" : [ {
        "name" : "role",
        "value" : "CHIEF_RECRUITER"
      } ]
    }, {
      "name" : " открытие формы создания нового кандидата",
      "time" : {
        "start" : 1523537359333,
        "stop" : 1523537365246,
        "duration" : 5913
      },
      "status" : "passed",
      "hasContent" : false,
      "attachmentsCount" : 0,
      "stepsCount" : 0,
      "steps" : [ ],
      "attachments" : [ ],
      "parameters" : [ ]
    }, {
      "name" : " загрузка резюме",
      "time" : {
        "start" : 1523537365247,
        "stop" : 1523537368388,
        "duration" : 3141
      },
      "status" : "passed",
      "hasContent" : false,
      "attachmentsCount" : 0,
      "stepsCount" : 0,
      "steps" : [ ],
      "attachments" : [ ],
      "parameters" : [ ]
    }, {
      "name" : " загрузка файла resources/Trush_Konstantin.pdf испльзуя sikuli",
      "time" : {
        "start" : 1523537368388,
        "stop" : 1523537372681,
        "duration" : 4293
      },
      "status" : "broken",
      "statusDetails" : {
        "message" : "Invalid key code",
        "trace" : "java.lang.IllegalArgumentException: Invalid key code\r\n\tat sun.awt.windows.WRobotPeer.keyPress(Native Method)\r\n\tat java.awt.Robot.keyPress(Robot.java:354)\r\n\tat org.sikuli.script.RobotDesktop.doKeyPress(RobotDesktop.java:101)\r\n\tat org.sikuli.script.RobotDesktop.doType(RobotDesktop.java:349)\r\n\tat org.sikuli.script.RobotDesktop.typeChar(RobotDesktop.java:362)\r\n\tat org.sikuli.script.Region.keyin(Region.java:4233)\r\n\tat org.sikuli.script.Region.type(Region.java:4162)\r\n\tat edu.bsuir.test.services.LoadingFile.uploadFileUsingSikuli_aroundBody10(LoadingFile.java:71)\r\n\tat edu.bsuir.test.services.LoadingFile$AjcClosure11.run(LoadingFile.java:1)\r\n\tat org.aspectj.runtime.reflect.JoinPointImpl.proceed(JoinPointImpl.java:149)\r\n\tat io.qameta.allure.aspects.StepsAspects.step(StepsAspects.java:51)\r\n\tat edu.bsuir.test.services.LoadingFile.uploadFileUsingSikuli(LoadingFile.java:66)\r\n\tat edu.bsuir.web.page.CreateCandidatePage.loadFileSikuli_aroundBody94(CreateCandidatePage.java:281)\r\n\tat edu.bsuir.web.page.CreateCandidatePage$AjcClosure95.run(CreateCandidatePage.java:1)\r\n\tat org.aspectj.runtime.reflect.JoinPointImpl.proceed(JoinPointImpl.java:149)\r\n\tat io.qameta.allure.aspects.StepsAspects.step(StepsAspects.java:51)\r\n\tat edu.bsuir.web.page.CreateCandidatePage.loadFileSikuli(CreateCandidatePage.java:281)\r\n\tat edu.bsuir.test.candidate.AdditionResumeTest.loadResumePDF(AdditionResumeTest.java:74)\r\n\tat sun.reflect.NativeMethodAccessorImpl.invoke0(Native Method)\r\n\tat sun.reflect.NativeMethodAccessorImpl.invoke(NativeMethodAccessorImpl.java:62)\r\n\tat sun.reflect.DelegatingMethodAccessorImpl.invoke(DelegatingMethodAccessorImpl.java:43)\r\n\tat java.lang.reflect.Method.invoke(Method.java:483)\r\n\tat org.junit.runners.model.FrameworkMethod$1.runReflectiveCall(FrameworkMethod.java:50)\r\n\tat org.junit.internal.runners.model.ReflectiveCallable.run(ReflectiveCallable.java:12)\r\n\tat org.junit.runners.model.FrameworkMethod.invokeExplosively(FrameworkMethod.java:47)\r\n\tat org.junit.internal.runners.statements.InvokeMethod.evaluate(InvokeMethod.java:17)\r\n\tat org.junit.internal.runners.statements.RunBefores.evaluate(RunBefores.java:26)\r\n\tat org.junit.internal.runners.statements.RunAfters.evaluate(RunAfters.java:27)\r\n\tat org.junit.runners.ParentRunner.runLeaf(ParentRunner.java:325)\r\n\tat org.junit.runners.BlockJUnit4ClassRunner.runChild(BlockJUnit4ClassRunner.java:78)\r\n\tat org.junit.runners.BlockJUnit4ClassRunner.runChild(BlockJUnit4ClassRunner.java:57)\r\n\tat org.junit.runners.ParentRunner$3.run(ParentRunner.java:290)\r\n\tat org.junit.runners.ParentRunner$1.schedule(ParentRunner.java:71)\r\n\tat org.junit.runners.ParentRunner.runChildren(ParentRunner.java:288)\r\n\tat org.junit.runners.ParentRunner.access$000(ParentRunner.java:58)\r\n\tat org.junit.runners.ParentRunner$2.evaluate(ParentRunner.java:268)\r\n\tat org.junit.runners.ParentRunner.run(ParentRunner.java:363)\r\n\tat org.apache.maven.surefire.junit4.JUnit4Provider.execute(JUnit4Provider.java:365)\r\n\tat org.apache.maven.surefire.junit4.JUnit4Provider.executeWithRerun(JUnit4Provider.java:272)\r\n\tat org.apache.maven.surefire.junit4.JUnit4Provider.executeTestSet(JUnit4Provider.java:236)\r\n\tat org.apache.maven.surefire.junit4.JUnit4Provider.invoke(JUnit4Provider.java:159)\r\n\tat org.apache.maven.surefire.booter.ForkedBooter.invokeProviderInSameClassLoader(ForkedBooter.java:386)\r\n\tat org.apache.maven.surefire.booter.ForkedBooter.runSuitesInProcess(ForkedBooter.java:323)\r\n\tat org.apache.maven.surefire.booter.ForkedBooter.main(ForkedBooter.java:143)\r\n",
        "flaky" : false
      },
      "hasContent" : true,
      "attachmentsCount" : 0,
      "stepsCount" : 4,
      "steps" : [ {
        "name" : " Sikuli в действии действии. Путь к файлу resources/Trush_Konstantin.pdf",
        "time" : {
          "start" : 1523537368390,
          "stop" : 1523537372680,
          "duration" : 4290
        },
        "status" : "broken",
        "statusDetails" : {
          "message" : "Invalid key code",
          "trace" : "java.lang.IllegalArgumentException: Invalid key code\r\n\tat sun.awt.windows.WRobotPeer.keyPress(Native Method)\r\n\tat java.awt.Robot.keyPress(Robot.java:354)\r\n\tat org.sikuli.script.RobotDesktop.doKeyPress(RobotDesktop.java:101)\r\n\tat org.sikuli.script.RobotDesktop.doType(RobotDesktop.java:349)\r\n\tat org.sikuli.script.RobotDesktop.typeChar(RobotDesktop.java:362)\r\n\tat org.sikuli.script.Region.keyin(Region.java:4233)\r\n\tat org.sikuli.script.Region.type(Region.java:4162)\r\n\tat edu.bsuir.test.services.LoadingFile.uploadFileUsingSikuli_aroundBody10(LoadingFile.java:71)\r\n\tat edu.bsuir.test.services.LoadingFile$AjcClosure11.run(LoadingFile.java:1)\r\n\tat org.aspectj.runtime.reflect.JoinPointImpl.proceed(JoinPointImpl.java:149)\r\n\tat io.qameta.allure.aspects.StepsAspects.step(StepsAspects.java:51)\r\n\tat edu.bsuir.test.services.LoadingFile.uploadFileUsingSikuli(LoadingFile.java:66)\r\n\tat edu.bsuir.web.page.CreateCandidatePage.loadFileSikuli_aroundBody94(CreateCandidatePage.java:281)\r\n\tat edu.bsuir.web.page.CreateCandidatePage$AjcClosure95.run(CreateCandidatePage.java:1)\r\n\tat org.aspectj.runtime.reflect.JoinPointImpl.proceed(JoinPointImpl.java:149)\r\n\tat io.qameta.allure.aspects.StepsAspects.step(StepsAspects.java:51)\r\n\tat edu.bsuir.web.page.CreateCandidatePage.loadFileSikuli(CreateCandidatePage.java:281)\r\n\tat edu.bsuir.test.candidate.AdditionResumeTest.loadResumePDF(AdditionResumeTest.java:74)\r\n\tat sun.reflect.NativeMethodAccessorImpl.invoke0(Native Method)\r\n\tat sun.reflect.NativeMethodAccessorImpl.invoke(NativeMethodAccessorImpl.java:62)\r\n\tat sun.reflect.DelegatingMethodAccessorImpl.invoke(DelegatingMethodAccessorImpl.java:43)\r\n\tat java.lang.reflect.Method.invoke(Method.java:483)\r\n\tat org.junit.runners.model.FrameworkMethod$1.runReflectiveCall(FrameworkMethod.java:50)\r\n\tat org.junit.internal.runners.model.ReflectiveCallable.run(ReflectiveCallable.java:12)\r\n\tat org.junit.runners.model.FrameworkMethod.invokeExplosively(FrameworkMethod.java:47)\r\n\tat org.junit.internal.runners.statements.InvokeMethod.evaluate(InvokeMethod.java:17)\r\n\tat org.junit.internal.runners.statements.RunBefores.evaluate(RunBefores.java:26)\r\n\tat org.junit.internal.runners.statements.RunAfters.evaluate(RunAfters.java:27)\r\n\tat org.junit.runners.ParentRunner.runLeaf(ParentRunner.java:325)\r\n\tat org.junit.runners.BlockJUnit4ClassRunner.runChild(BlockJUnit4ClassRunner.java:78)\r\n\tat org.junit.runners.BlockJUnit4ClassRunner.runChild(BlockJUnit4ClassRunner.java:57)\r\n\tat org.junit.runners.ParentRunner$3.run(ParentRunner.java:290)\r\n\tat org.junit.runners.ParentRunner$1.schedule(ParentRunner.java:71)\r\n\tat org.junit.runners.ParentRunner.runChildren(ParentRunner.java:288)\r\n\tat org.junit.runners.ParentRunner.access$000(ParentRunner.java:58)\r\n\tat org.junit.runners.ParentRunner$2.evaluate(ParentRunner.java:268)\r\n\tat org.junit.runners.ParentRunner.run(ParentRunner.java:363)\r\n\tat org.apache.maven.surefire.junit4.JUnit4Provider.execute(JUnit4Provider.java:365)\r\n\tat org.apache.maven.surefire.junit4.JUnit4Provider.executeWithRerun(JUnit4Provider.java:272)\r\n\tat org.apache.maven.surefire.junit4.JUnit4Provider.executeTestSet(JUnit4Provider.java:236)\r\n\tat org.apache.maven.surefire.junit4.JUnit4Provider.invoke(JUnit4Provider.java:159)\r\n\tat org.apache.maven.surefire.booter.ForkedBooter.invokeProviderInSameClassLoader(ForkedBooter.java:386)\r\n\tat org.apache.maven.surefire.booter.ForkedBooter.runSuitesInProcess(ForkedBooter.java:323)\r\n\tat org.apache.maven.surefire.booter.ForkedBooter.main(ForkedBooter.java:143)\r\n",
          "flaky" : false
        },
        "hasContent" : true,
        "attachmentsCount" : 0,
        "stepsCount" : 3,
        "steps" : [ {
          "name" : " получение абсолютного пути к файлу resources/sikuli/FilePath.JPG",
          "time" : {
            "start" : 1523537368391,
            "stop" : 1523537368391,
            "duration" : 0
          },
          "status" : "passed",
          "hasContent" : true,
          "attachmentsCount" : 0,
          "stepsCount" : 0,
          "steps" : [ ],
          "attachments" : [ ],
          "parameters" : [ {
            "name" : "file",
            "value" : "resources/sikuli/FilePath.JPG"
          } ]
        }, {
          "name" : " получение абсолютного пути к файлу resources/sikuli/OpenButton.JPG",
          "time" : {
            "start" : 1523537368394,
            "stop" : 1523537368395,
            "duration" : 1
          },
          "status" : "passed",
          "hasContent" : true,
          "attachmentsCount" : 0,
          "stepsCount" : 0,
          "steps" : [ ],
          "attachments" : [ ],
          "parameters" : [ {
            "name" : "file",
            "value" : "resources/sikuli/OpenButton.JPG"
          } ]
        }, {
          "name" : " получение абсолютного пути к файлу resources/Trush_Konstantin.pdf",
          "time" : {
            "start" : 1523537371778,
            "stop" : 1523537371778,
            "duration" : 0
          },
          "status" : "passed",
          "hasContent" : true,
          "attachmentsCount" : 0,
          "stepsCount" : 0,
          "steps" : [ ],
          "attachments" : [ ],
          "parameters" : [ {
            "name" : "file",
            "value" : "resources/Trush_Konstantin.pdf"
          } ]
        } ],
        "attachments" : [ ],
        "parameters" : [ {
          "name" : "path",
          "value" : "resources/Trush_Konstantin.pdf"
        } ]
      } ],
      "attachments" : [ ],
      "parameters" : [ {
        "name" : "path",
        "value" : "resources/Trush_Konstantin.pdf"
      } ]
    } ],
    "attachments" : [ ],
    "hasContent" : true,
    "attachmentsCount" : 0,
    "stepsCount" : 13
  },
  "afterStages" : [ ],
  "labels" : [ {
    "name" : "package",
    "value" : "edu.bsuir.test.candidate"
  }, {
    "name" : "testClass",
    "value" : "edu.bsuir.test.candidate.AdditionResumeTest"
  }, {
    "name" : "testMethod",
    "value" : "loadResumePDF"
  }, {
    "name" : "suite",
    "value" : "edu.bsuir.test.candidate.AdditionResumeTest"
  }, {
    "name" : "host",
    "value" : "Anya"
  }, {
    "name" : "thread",
    "value" : "3636@Anya.main(1)"
  }, {
    "name" : "feature",
    "value" : "Создание кандидата"
  }, {
    "name" : "story",
    "value" : "Сценарий 17 – Загрузка резюме"
  }, {
    "name" : "severity",
    "value" : "normal"
  } ],
  "parameters" : [ ],
  "links" : [ ],
  "hidden" : false,
  "extra" : {
    "severity" : "normal",
    "categories" : [ {
      "name" : "Test defects"
    } ]
  }
}