{
  "uid" : "a04ead6e77e44d6a",
  "name" : "Разный регистр в поле логина",
  "fullName" : "edu.bsuir.test.LoginTest.сheckLoginUpperCase",
  "historyId" : "a5db1f71bb5e7f4a478a4a8d76d3b70e",
  "time" : {
    "start" : 1523883677847,
    "stop" : 1523883708493,
    "duration" : 30646
  },
  "status" : "failed",
  "statusDetails" : {
    "message" : "By.xpath: //div[@class='portlet-body']/div[@class='alert alert-error'] is not found. ",
    "trace" : "java.lang.AssertionError: By.xpath: //div[@class='portlet-body']/div[@class='alert alert-error'] is not found. \r\n\tat org.junit.Assert.fail(Assert.java:88)\r\n\tat org.junit.Assert.assertTrue(Assert.java:41)\r\n\tat edu.bsuir.entity.Element.assertPresence(Element.java:75)\r\n\tat edu.bsuir.entity.Element.getText(Element.java:99)\r\n\tat edu.bsuir.web.page.LoginPage.getErrorMessage_aroundBody6(LoginPage.java:29)\r\n\tat edu.bsuir.web.page.LoginPage$AjcClosure7.run(LoginPage.java:1)\r\n\tat org.aspectj.runtime.reflect.JoinPointImpl.proceed(JoinPointImpl.java:149)\r\n\tat io.qameta.allure.aspects.StepsAspects.step(StepsAspects.java:51)\r\n\tat edu.bsuir.web.page.LoginPage.getErrorMessage(LoginPage.java:29)\r\n\tat edu.bsuir.test.LoginTest.сheckLoginUpperCase(LoginTest.java:242)\r\n\tat sun.reflect.NativeMethodAccessorImpl.invoke0(Native Method)\r\n\tat sun.reflect.NativeMethodAccessorImpl.invoke(NativeMethodAccessorImpl.java:62)\r\n\tat sun.reflect.DelegatingMethodAccessorImpl.invoke(DelegatingMethodAccessorImpl.java:43)\r\n\tat java.lang.reflect.Method.invoke(Method.java:483)\r\n\tat org.junit.runners.model.FrameworkMethod$1.runReflectiveCall(FrameworkMethod.java:50)\r\n\tat org.junit.internal.runners.model.ReflectiveCallable.run(ReflectiveCallable.java:12)\r\n\tat org.junit.runners.model.FrameworkMethod.invokeExplosively(FrameworkMethod.java:47)\r\n\tat org.junit.internal.runners.statements.InvokeMethod.evaluate(InvokeMethod.java:17)\r\n\tat org.junit.internal.runners.statements.RunBefores.evaluate(RunBefores.java:26)\r\n\tat org.junit.internal.runners.statements.RunAfters.evaluate(RunAfters.java:27)\r\n\tat org.junit.runners.ParentRunner.runLeaf(ParentRunner.java:325)\r\n\tat org.junit.runners.BlockJUnit4ClassRunner.runChild(BlockJUnit4ClassRunner.java:78)\r\n\tat org.junit.runners.BlockJUnit4ClassRunner.runChild(BlockJUnit4ClassRunner.java:57)\r\n\tat org.junit.runners.ParentRunner$3.run(ParentRunner.java:290)\r\n\tat org.junit.runners.ParentRunner$1.schedule(ParentRunner.java:71)\r\n\tat org.junit.runners.ParentRunner.runChildren(ParentRunner.java:288)\r\n\tat org.junit.runners.ParentRunner.access$000(ParentRunner.java:58)\r\n\tat org.junit.runners.ParentRunner$2.evaluate(ParentRunner.java:268)\r\n\tat org.junit.runners.ParentRunner.run(ParentRunner.java:363)\r\n\tat org.apache.maven.surefire.junit4.JUnit4Provider.execute(JUnit4Provider.java:365)\r\n\tat org.apache.maven.surefire.junit4.JUnit4Provider.executeWithRerun(JUnit4Provider.java:272)\r\n\tat org.apache.maven.surefire.junit4.JUnit4Provider.executeTestSet(JUnit4Provider.java:236)\r\n\tat org.apache.maven.surefire.junit4.JUnit4Provider.invoke(JUnit4Provider.java:159)\r\n\tat org.apache.maven.surefire.booter.ForkedBooter.invokeProviderInSameClassLoader(ForkedBooter.java:386)\r\n\tat org.apache.maven.surefire.booter.ForkedBooter.runSuitesInProcess(ForkedBooter.java:323)\r\n\tat org.apache.maven.surefire.booter.ForkedBooter.main(ForkedBooter.java:143)\r\n",
    "flaky" : false
  },
  "description" : "Ввод корректного пароля и логина с буквами верхнего регистра",
  "descriptionHtml" : "<p>Ввод корректного пароля и логина с буквами верхнего регистра</p>",
  "beforeStages" : [ ],
  "testStage" : {
    "status" : "failed",
    "statusDetails" : {
      "message" : "By.xpath: //div[@class='portlet-body']/div[@class='alert alert-error'] is not found. ",
      "trace" : "java.lang.AssertionError: By.xpath: //div[@class='portlet-body']/div[@class='alert alert-error'] is not found. \r\n\tat org.junit.Assert.fail(Assert.java:88)\r\n\tat org.junit.Assert.assertTrue(Assert.java:41)\r\n\tat edu.bsuir.entity.Element.assertPresence(Element.java:75)\r\n\tat edu.bsuir.entity.Element.getText(Element.java:99)\r\n\tat edu.bsuir.web.page.LoginPage.getErrorMessage_aroundBody6(LoginPage.java:29)\r\n\tat edu.bsuir.web.page.LoginPage$AjcClosure7.run(LoginPage.java:1)\r\n\tat org.aspectj.runtime.reflect.JoinPointImpl.proceed(JoinPointImpl.java:149)\r\n\tat io.qameta.allure.aspects.StepsAspects.step(StepsAspects.java:51)\r\n\tat edu.bsuir.web.page.LoginPage.getErrorMessage(LoginPage.java:29)\r\n\tat edu.bsuir.test.LoginTest.сheckLoginUpperCase(LoginTest.java:242)\r\n\tat sun.reflect.NativeMethodAccessorImpl.invoke0(Native Method)\r\n\tat sun.reflect.NativeMethodAccessorImpl.invoke(NativeMethodAccessorImpl.java:62)\r\n\tat sun.reflect.DelegatingMethodAccessorImpl.invoke(DelegatingMethodAccessorImpl.java:43)\r\n\tat java.lang.reflect.Method.invoke(Method.java:483)\r\n\tat org.junit.runners.model.FrameworkMethod$1.runReflectiveCall(FrameworkMethod.java:50)\r\n\tat org.junit.internal.runners.model.ReflectiveCallable.run(ReflectiveCallable.java:12)\r\n\tat org.junit.runners.model.FrameworkMethod.invokeExplosively(FrameworkMethod.java:47)\r\n\tat org.junit.internal.runners.statements.InvokeMethod.evaluate(InvokeMethod.java:17)\r\n\tat org.junit.internal.runners.statements.RunBefores.evaluate(RunBefores.java:26)\r\n\tat org.junit.internal.runners.statements.RunAfters.evaluate(RunAfters.java:27)\r\n\tat org.junit.runners.ParentRunner.runLeaf(ParentRunner.java:325)\r\n\tat org.junit.runners.BlockJUnit4ClassRunner.runChild(BlockJUnit4ClassRunner.java:78)\r\n\tat org.junit.runners.BlockJUnit4ClassRunner.runChild(BlockJUnit4ClassRunner.java:57)\r\n\tat org.junit.runners.ParentRunner$3.run(ParentRunner.java:290)\r\n\tat org.junit.runners.ParentRunner$1.schedule(ParentRunner.java:71)\r\n\tat org.junit.runners.ParentRunner.runChildren(ParentRunner.java:288)\r\n\tat org.junit.runners.ParentRunner.access$000(ParentRunner.java:58)\r\n\tat org.junit.runners.ParentRunner$2.evaluate(ParentRunner.java:268)\r\n\tat org.junit.runners.ParentRunner.run(ParentRunner.java:363)\r\n\tat org.apache.maven.surefire.junit4.JUnit4Provider.execute(JUnit4Provider.java:365)\r\n\tat org.apache.maven.surefire.junit4.JUnit4Provider.executeWithRerun(JUnit4Provider.java:272)\r\n\tat org.apache.maven.surefire.junit4.JUnit4Provider.executeTestSet(JUnit4Provider.java:236)\r\n\tat org.apache.maven.surefire.junit4.JUnit4Provider.invoke(JUnit4Provider.java:159)\r\n\tat org.apache.maven.surefire.booter.ForkedBooter.invokeProviderInSameClassLoader(ForkedBooter.java:386)\r\n\tat org.apache.maven.surefire.booter.ForkedBooter.runSuitesInProcess(ForkedBooter.java:323)\r\n\tat org.apache.maven.surefire.booter.ForkedBooter.main(ForkedBooter.java:143)\r\n",
      "flaky" : false
    },
    "steps" : [ {
      "name" : " Вход в систему под KABANOV@TC.BY, welcome",
      "time" : {
        "start" : 1523883677848,
        "stop" : 1523883696287,
        "duration" : 18439
      },
      "status" : "passed",
      "hasContent" : true,
      "stepsCount" : 4,
      "attachmentsCount" : 0,
      "steps" : [ {
        "name" : "Открытие страницы логина и пароля",
        "time" : {
          "start" : 1523883677848,
          "stop" : 1523883685643,
          "duration" : 7795
        },
        "status" : "passed",
        "hasContent" : false,
        "stepsCount" : 0,
        "attachmentsCount" : 0,
        "steps" : [ ],
        "attachments" : [ ],
        "parameters" : [ ]
      }, {
        "name" : "Ввод логина KABANOV@TC.BY",
        "time" : {
          "start" : 1523883685644,
          "stop" : 1523883686718,
          "duration" : 1074
        },
        "status" : "passed",
        "hasContent" : true,
        "stepsCount" : 0,
        "attachmentsCount" : 0,
        "steps" : [ ],
        "attachments" : [ ],
        "parameters" : [ {
          "name" : "userName",
          "value" : "KABANOV@TC.BY"
        } ]
      }, {
        "name" : "Ввод пароля welcome",
        "time" : {
          "start" : 1523883686718,
          "stop" : 1523883687627,
          "duration" : 909
        },
        "status" : "passed",
        "hasContent" : true,
        "stepsCount" : 0,
        "attachmentsCount" : 0,
        "steps" : [ ],
        "attachments" : [ ],
        "parameters" : [ {
          "name" : "userPassword",
          "value" : "welcome"
        } ]
      }, {
        "name" : "Нажатие на кнопки 'Вход' ",
        "time" : {
          "start" : 1523883687627,
          "stop" : 1523883696287,
          "duration" : 8660
        },
        "status" : "passed",
        "hasContent" : false,
        "stepsCount" : 0,
        "attachmentsCount" : 0,
        "steps" : [ ],
        "attachments" : [ ],
        "parameters" : [ ]
      } ],
      "attachments" : [ ],
      "parameters" : [ {
        "name" : "login",
        "value" : "KABANOV@TC.BY"
      }, {
        "name" : "password",
        "value" : "welcome"
      } ]
    }, {
      "name" : "Получение текста ошибки при вводе некорректных данных ",
      "time" : {
        "start" : 1523883696288,
        "stop" : 1523883706394,
        "duration" : 10106
      },
      "status" : "failed",
      "statusDetails" : {
        "message" : "By.xpath: //div[@class='portlet-body']/div[@class='alert alert-error'] is not found. ",
        "trace" : "java.lang.AssertionError: By.xpath: //div[@class='portlet-body']/div[@class='alert alert-error'] is not found. \r\n\tat org.junit.Assert.fail(Assert.java:88)\r\n\tat org.junit.Assert.assertTrue(Assert.java:41)\r\n\tat edu.bsuir.entity.Element.assertPresence(Element.java:75)\r\n\tat edu.bsuir.entity.Element.getText(Element.java:99)\r\n\tat edu.bsuir.web.page.LoginPage.getErrorMessage_aroundBody6(LoginPage.java:29)\r\n\tat edu.bsuir.web.page.LoginPage$AjcClosure7.run(LoginPage.java:1)\r\n\tat org.aspectj.runtime.reflect.JoinPointImpl.proceed(JoinPointImpl.java:149)\r\n\tat io.qameta.allure.aspects.StepsAspects.step(StepsAspects.java:51)\r\n\tat edu.bsuir.web.page.LoginPage.getErrorMessage(LoginPage.java:29)\r\n\tat edu.bsuir.test.LoginTest.сheckLoginUpperCase(LoginTest.java:242)\r\n\tat sun.reflect.NativeMethodAccessorImpl.invoke0(Native Method)\r\n\tat sun.reflect.NativeMethodAccessorImpl.invoke(NativeMethodAccessorImpl.java:62)\r\n\tat sun.reflect.DelegatingMethodAccessorImpl.invoke(DelegatingMethodAccessorImpl.java:43)\r\n\tat java.lang.reflect.Method.invoke(Method.java:483)\r\n\tat org.junit.runners.model.FrameworkMethod$1.runReflectiveCall(FrameworkMethod.java:50)\r\n\tat org.junit.internal.runners.model.ReflectiveCallable.run(ReflectiveCallable.java:12)\r\n\tat org.junit.runners.model.FrameworkMethod.invokeExplosively(FrameworkMethod.java:47)\r\n\tat org.junit.internal.runners.statements.InvokeMethod.evaluate(InvokeMethod.java:17)\r\n\tat org.junit.internal.runners.statements.RunBefores.evaluate(RunBefores.java:26)\r\n\tat org.junit.internal.runners.statements.RunAfters.evaluate(RunAfters.java:27)\r\n\tat org.junit.runners.ParentRunner.runLeaf(ParentRunner.java:325)\r\n\tat org.junit.runners.BlockJUnit4ClassRunner.runChild(BlockJUnit4ClassRunner.java:78)\r\n\tat org.junit.runners.BlockJUnit4ClassRunner.runChild(BlockJUnit4ClassRunner.java:57)\r\n\tat org.junit.runners.ParentRunner$3.run(ParentRunner.java:290)\r\n\tat org.junit.runners.ParentRunner$1.schedule(ParentRunner.java:71)\r\n\tat org.junit.runners.ParentRunner.runChildren(ParentRunner.java:288)\r\n\tat org.junit.runners.ParentRunner.access$000(ParentRunner.java:58)\r\n\tat org.junit.runners.ParentRunner$2.evaluate(ParentRunner.java:268)\r\n\tat org.junit.runners.ParentRunner.run(ParentRunner.java:363)\r\n\tat org.apache.maven.surefire.junit4.JUnit4Provider.execute(JUnit4Provider.java:365)\r\n\tat org.apache.maven.surefire.junit4.JUnit4Provider.executeWithRerun(JUnit4Provider.java:272)\r\n\tat org.apache.maven.surefire.junit4.JUnit4Provider.executeTestSet(JUnit4Provider.java:236)\r\n\tat org.apache.maven.surefire.junit4.JUnit4Provider.invoke(JUnit4Provider.java:159)\r\n\tat org.apache.maven.surefire.booter.ForkedBooter.invokeProviderInSameClassLoader(ForkedBooter.java:386)\r\n\tat org.apache.maven.surefire.booter.ForkedBooter.runSuitesInProcess(ForkedBooter.java:323)\r\n\tat org.apache.maven.surefire.booter.ForkedBooter.main(ForkedBooter.java:143)\r\n",
        "flaky" : false
      },
      "hasContent" : false,
      "stepsCount" : 0,
      "attachmentsCount" : 0,
      "steps" : [ ],
      "attachments" : [ ],
      "parameters" : [ ]
    } ],
    "attachments" : [ ],
    "hasContent" : true,
    "stepsCount" : 6,
    "attachmentsCount" : 0
  },
  "afterStages" : [ ],
  "labels" : [ {
    "name" : "package",
    "value" : "edu.bsuir.test"
  }, {
    "name" : "testClass",
    "value" : "edu.bsuir.test.LoginTest"
  }, {
    "name" : "testMethod",
    "value" : "сheckLoginUpperCase"
  }, {
    "name" : "suite",
    "value" : "edu.bsuir.test.LoginTest"
  }, {
    "name" : "host",
    "value" : "Anya"
  }, {
    "name" : "thread",
    "value" : "10932@Anya.main(1)"
  }, {
    "name" : "feature",
    "value" : "Вход в систему"
  }, {
    "name" : "story",
    "value" : "Сценарий 5 – Регистр "
  }, {
    "name" : "severity",
    "value" : "normal"
  } ],
  "parameters" : [ ],
  "links" : [ ],
  "hidden" : false,
  "extra" : {
    "severity" : "normal",
    "categories" : [ {
      "name" : "Product defects"
    } ]
  }
}