{
  "uid" : "eec938b166e52c65",
  "name" : "Почта с пробелами ",
  "fullName" : "edu.bsuir.test.candidate.CreateCandidateTest.сheckCreateMailStartAndEndWithSpace",
  "historyId" : "5365b52ab95ec838dde6dfc1d3fb208a",
  "time" : {
    "start" : 1523879187561,
    "stop" : 1523879227847,
    "duration" : 40286
  },
  "status" : "failed",
  "statusDetails" : {
    "message" : "By.xpath: //div[@id='primaryEmail']\t is not found. ",
    "trace" : "java.lang.AssertionError: By.xpath: //div[@id='primaryEmail']\t is not found. \r\n\tat org.junit.Assert.fail(Assert.java:88)\r\n\tat org.junit.Assert.assertTrue(Assert.java:41)\r\n\tat edu.bsuir.entity.Element.assertPresence(Element.java:75)\r\n\tat edu.bsuir.entity.Element.getText(Element.java:99)\r\n\tat edu.bsuir.web.page.CreateCandidatePage.getMail_aroundBody48(CreateCandidatePage.java:142)\r\n\tat edu.bsuir.web.page.CreateCandidatePage$AjcClosure49.run(CreateCandidatePage.java:1)\r\n\tat org.aspectj.runtime.reflect.JoinPointImpl.proceed(JoinPointImpl.java:149)\r\n\tat io.qameta.allure.aspects.StepsAspects.step(StepsAspects.java:51)\r\n\tat edu.bsuir.web.page.CreateCandidatePage.getMail(CreateCandidatePage.java:142)\r\n\tat edu.bsuir.test.candidate.CreateCandidateTest.сheckCreateMailStartAndEndWithSpace(CreateCandidateTest.java:273)\r\n\tat sun.reflect.NativeMethodAccessorImpl.invoke0(Native Method)\r\n\tat sun.reflect.NativeMethodAccessorImpl.invoke(NativeMethodAccessorImpl.java:62)\r\n\tat sun.reflect.DelegatingMethodAccessorImpl.invoke(DelegatingMethodAccessorImpl.java:43)\r\n\tat java.lang.reflect.Method.invoke(Method.java:483)\r\n\tat org.junit.runners.model.FrameworkMethod$1.runReflectiveCall(FrameworkMethod.java:50)\r\n\tat org.junit.internal.runners.model.ReflectiveCallable.run(ReflectiveCallable.java:12)\r\n\tat org.junit.runners.model.FrameworkMethod.invokeExplosively(FrameworkMethod.java:47)\r\n\tat org.junit.internal.runners.statements.InvokeMethod.evaluate(InvokeMethod.java:17)\r\n\tat org.junit.internal.runners.statements.RunBefores.evaluate(RunBefores.java:26)\r\n\tat org.junit.internal.runners.statements.RunAfters.evaluate(RunAfters.java:27)\r\n\tat org.junit.runners.ParentRunner.runLeaf(ParentRunner.java:325)\r\n\tat org.junit.runners.BlockJUnit4ClassRunner.runChild(BlockJUnit4ClassRunner.java:78)\r\n\tat org.junit.runners.BlockJUnit4ClassRunner.runChild(BlockJUnit4ClassRunner.java:57)\r\n\tat org.junit.runners.ParentRunner$3.run(ParentRunner.java:290)\r\n\tat org.junit.runners.ParentRunner$1.schedule(ParentRunner.java:71)\r\n\tat org.junit.runners.ParentRunner.runChildren(ParentRunner.java:288)\r\n\tat org.junit.runners.ParentRunner.access$000(ParentRunner.java:58)\r\n\tat org.junit.runners.ParentRunner$2.evaluate(ParentRunner.java:268)\r\n\tat org.junit.runners.ParentRunner.run(ParentRunner.java:363)\r\n\tat org.apache.maven.surefire.junit4.JUnit4Provider.execute(JUnit4Provider.java:365)\r\n\tat org.apache.maven.surefire.junit4.JUnit4Provider.executeWithRerun(JUnit4Provider.java:272)\r\n\tat org.apache.maven.surefire.junit4.JUnit4Provider.executeTestSet(JUnit4Provider.java:236)\r\n\tat org.apache.maven.surefire.junit4.JUnit4Provider.invoke(JUnit4Provider.java:159)\r\n\tat org.apache.maven.surefire.booter.ForkedBooter.invokeProviderInSameClassLoader(ForkedBooter.java:386)\r\n\tat org.apache.maven.surefire.booter.ForkedBooter.runSuitesInProcess(ForkedBooter.java:323)\r\n\tat org.apache.maven.surefire.booter.ForkedBooter.main(ForkedBooter.java:143)\r\n",
    "flaky" : false
  },
  "description" : "Создания кандидата, где   поле 'Эл.почта' содержит пробелы в начале и в конце ",
  "descriptionHtml" : "<p>Создания кандидата, где поле &lsquo;Эл.почта&rsquo; содержит пробелы в начале и в конце </p>",
  "beforeStages" : [ ],
  "testStage" : {
    "status" : "failed",
    "statusDetails" : {
      "message" : "By.xpath: //div[@id='primaryEmail']\t is not found. ",
      "trace" : "java.lang.AssertionError: By.xpath: //div[@id='primaryEmail']\t is not found. \r\n\tat org.junit.Assert.fail(Assert.java:88)\r\n\tat org.junit.Assert.assertTrue(Assert.java:41)\r\n\tat edu.bsuir.entity.Element.assertPresence(Element.java:75)\r\n\tat edu.bsuir.entity.Element.getText(Element.java:99)\r\n\tat edu.bsuir.web.page.CreateCandidatePage.getMail_aroundBody48(CreateCandidatePage.java:142)\r\n\tat edu.bsuir.web.page.CreateCandidatePage$AjcClosure49.run(CreateCandidatePage.java:1)\r\n\tat org.aspectj.runtime.reflect.JoinPointImpl.proceed(JoinPointImpl.java:149)\r\n\tat io.qameta.allure.aspects.StepsAspects.step(StepsAspects.java:51)\r\n\tat edu.bsuir.web.page.CreateCandidatePage.getMail(CreateCandidatePage.java:142)\r\n\tat edu.bsuir.test.candidate.CreateCandidateTest.сheckCreateMailStartAndEndWithSpace(CreateCandidateTest.java:273)\r\n\tat sun.reflect.NativeMethodAccessorImpl.invoke0(Native Method)\r\n\tat sun.reflect.NativeMethodAccessorImpl.invoke(NativeMethodAccessorImpl.java:62)\r\n\tat sun.reflect.DelegatingMethodAccessorImpl.invoke(DelegatingMethodAccessorImpl.java:43)\r\n\tat java.lang.reflect.Method.invoke(Method.java:483)\r\n\tat org.junit.runners.model.FrameworkMethod$1.runReflectiveCall(FrameworkMethod.java:50)\r\n\tat org.junit.internal.runners.model.ReflectiveCallable.run(ReflectiveCallable.java:12)\r\n\tat org.junit.runners.model.FrameworkMethod.invokeExplosively(FrameworkMethod.java:47)\r\n\tat org.junit.internal.runners.statements.InvokeMethod.evaluate(InvokeMethod.java:17)\r\n\tat org.junit.internal.runners.statements.RunBefores.evaluate(RunBefores.java:26)\r\n\tat org.junit.internal.runners.statements.RunAfters.evaluate(RunAfters.java:27)\r\n\tat org.junit.runners.ParentRunner.runLeaf(ParentRunner.java:325)\r\n\tat org.junit.runners.BlockJUnit4ClassRunner.runChild(BlockJUnit4ClassRunner.java:78)\r\n\tat org.junit.runners.BlockJUnit4ClassRunner.runChild(BlockJUnit4ClassRunner.java:57)\r\n\tat org.junit.runners.ParentRunner$3.run(ParentRunner.java:290)\r\n\tat org.junit.runners.ParentRunner$1.schedule(ParentRunner.java:71)\r\n\tat org.junit.runners.ParentRunner.runChildren(ParentRunner.java:288)\r\n\tat org.junit.runners.ParentRunner.access$000(ParentRunner.java:58)\r\n\tat org.junit.runners.ParentRunner$2.evaluate(ParentRunner.java:268)\r\n\tat org.junit.runners.ParentRunner.run(ParentRunner.java:363)\r\n\tat org.apache.maven.surefire.junit4.JUnit4Provider.execute(JUnit4Provider.java:365)\r\n\tat org.apache.maven.surefire.junit4.JUnit4Provider.executeWithRerun(JUnit4Provider.java:272)\r\n\tat org.apache.maven.surefire.junit4.JUnit4Provider.executeTestSet(JUnit4Provider.java:236)\r\n\tat org.apache.maven.surefire.junit4.JUnit4Provider.invoke(JUnit4Provider.java:159)\r\n\tat org.apache.maven.surefire.booter.ForkedBooter.invokeProviderInSameClassLoader(ForkedBooter.java:386)\r\n\tat org.apache.maven.surefire.booter.ForkedBooter.runSuitesInProcess(ForkedBooter.java:323)\r\n\tat org.apache.maven.surefire.booter.ForkedBooter.main(ForkedBooter.java:143)\r\n",
      "flaky" : false
    },
    "steps" : [ {
      "name" : " Вход в систему под CHIEF_RECRUITER",
      "time" : {
        "start" : 1523879187562,
        "stop" : 1523879201607,
        "duration" : 14045
      },
      "status" : "passed",
      "hasContent" : true,
      "stepsCount" : 5,
      "attachmentsCount" : 0,
      "steps" : [ {
        "name" : " Вход в систему под kabanov@tc.by, welcome",
        "time" : {
          "start" : 1523879187576,
          "stop" : 1523879201607,
          "duration" : 14031
        },
        "status" : "passed",
        "hasContent" : true,
        "stepsCount" : 4,
        "attachmentsCount" : 0,
        "steps" : [ {
          "name" : "Открытие страницы логина и пароля",
          "time" : {
            "start" : 1523879187576,
            "stop" : 1523879193285,
            "duration" : 5709
          },
          "status" : "passed",
          "hasContent" : false,
          "stepsCount" : 0,
          "attachmentsCount" : 0,
          "steps" : [ ],
          "attachments" : [ ],
          "parameters" : [ ]
        }, {
          "name" : "Ввод логина kabanov@tc.by",
          "time" : {
            "start" : 1523879193285,
            "stop" : 1523879194519,
            "duration" : 1234
          },
          "status" : "passed",
          "hasContent" : true,
          "stepsCount" : 0,
          "attachmentsCount" : 0,
          "steps" : [ ],
          "attachments" : [ ],
          "parameters" : [ {
            "name" : "userName",
            "value" : "kabanov@tc.by"
          } ]
        }, {
          "name" : "Ввод пароля welcome",
          "time" : {
            "start" : 1523879194520,
            "stop" : 1523879195327,
            "duration" : 807
          },
          "status" : "passed",
          "hasContent" : true,
          "stepsCount" : 0,
          "attachmentsCount" : 0,
          "steps" : [ ],
          "attachments" : [ ],
          "parameters" : [ {
            "name" : "userPassword",
            "value" : "welcome"
          } ]
        }, {
          "name" : "Нажатие на кнопки 'Вход' ",
          "time" : {
            "start" : 1523879195328,
            "stop" : 1523879201607,
            "duration" : 6279
          },
          "status" : "passed",
          "hasContent" : false,
          "stepsCount" : 0,
          "attachmentsCount" : 0,
          "steps" : [ ],
          "attachments" : [ ],
          "parameters" : [ ]
        } ],
        "attachments" : [ ],
        "parameters" : [ {
          "name" : "login",
          "value" : "kabanov@tc.by"
        }, {
          "name" : "password",
          "value" : "welcome"
        } ]
      } ],
      "attachments" : [ ],
      "parameters" : [ {
        "name" : "role",
        "value" : "CHIEF_RECRUITER"
      } ]
    }, {
      "name" : "наведение на элемент",
      "time" : {
        "start" : 1523879201607,
        "stop" : 1523879202620,
        "duration" : 1013
      },
      "status" : "passed",
      "hasContent" : false,
      "stepsCount" : 0,
      "attachmentsCount" : 0,
      "steps" : [ ],
      "attachments" : [ ],
      "parameters" : [ ]
    }, {
      "name" : " открытие страницы кандидатов",
      "time" : {
        "start" : 1523879202620,
        "stop" : 1523879207009,
        "duration" : 4389
      },
      "status" : "passed",
      "hasContent" : false,
      "stepsCount" : 0,
      "attachmentsCount" : 0,
      "steps" : [ ],
      "attachments" : [ ],
      "parameters" : [ ]
    }, {
      "name" : " открытие формы создания нового кандидата",
      "time" : {
        "start" : 1523879207009,
        "stop" : 1523879211585,
        "duration" : 4576
      },
      "status" : "passed",
      "hasContent" : false,
      "stepsCount" : 0,
      "attachmentsCount" : 0,
      "steps" : [ ],
      "attachments" : [ ],
      "parameters" : [ ]
    }, {
      "name" : " установка фамилии кандидата Korenchuk",
      "time" : {
        "start" : 1523879211585,
        "stop" : 1523879212519,
        "duration" : 934
      },
      "status" : "passed",
      "hasContent" : true,
      "stepsCount" : 0,
      "attachmentsCount" : 0,
      "steps" : [ ],
      "attachments" : [ ],
      "parameters" : [ {
        "name" : "name",
        "value" : "Korenchuk"
      } ]
    }, {
      "name" : " установка имени кандидата Anna ",
      "time" : {
        "start" : 1523879212520,
        "stop" : 1523879213031,
        "duration" : 511
      },
      "status" : "passed",
      "hasContent" : true,
      "stepsCount" : 0,
      "attachmentsCount" : 0,
      "steps" : [ ],
      "attachments" : [ ],
      "parameters" : [ {
        "name" : "name",
        "value" : "Anna"
      } ]
    }, {
      "name" : " установка номера телефона кандидата 2345678",
      "time" : {
        "start" : 1523879213031,
        "stop" : 1523879213702,
        "duration" : 671
      },
      "status" : "passed",
      "hasContent" : true,
      "stepsCount" : 0,
      "attachmentsCount" : 0,
      "steps" : [ ],
      "attachments" : [ ],
      "parameters" : [ {
        "name" : "number",
        "value" : "2345678"
      } ]
    }, {
      "name" : " установка эл.почты    korenchuk@mail.com   ",
      "time" : {
        "start" : 1523879213703,
        "stop" : 1523879214900,
        "duration" : 1197
      },
      "status" : "passed",
      "hasContent" : true,
      "stepsCount" : 0,
      "attachmentsCount" : 0,
      "steps" : [ ],
      "attachments" : [ ],
      "parameters" : [ {
        "name" : "email",
        "value" : "   korenchuk@mail.com   "
      } ]
    }, {
      "name" : "Сохранение кандидата",
      "time" : {
        "start" : 1523879214900,
        "stop" : 1523879215606,
        "duration" : 706
      },
      "status" : "passed",
      "hasContent" : false,
      "stepsCount" : 0,
      "attachmentsCount" : 0,
      "steps" : [ ],
      "attachments" : [ ],
      "parameters" : [ ]
    }, {
      "name" : "Получение значения эл.почты после сохранения кандидата",
      "time" : {
        "start" : 1523879215607,
        "stop" : 1523879225688,
        "duration" : 10081
      },
      "status" : "failed",
      "statusDetails" : {
        "message" : "By.xpath: //div[@id='primaryEmail']\t is not found. ",
        "trace" : "java.lang.AssertionError: By.xpath: //div[@id='primaryEmail']\t is not found. \r\n\tat org.junit.Assert.fail(Assert.java:88)\r\n\tat org.junit.Assert.assertTrue(Assert.java:41)\r\n\tat edu.bsuir.entity.Element.assertPresence(Element.java:75)\r\n\tat edu.bsuir.entity.Element.getText(Element.java:99)\r\n\tat edu.bsuir.web.page.CreateCandidatePage.getMail_aroundBody48(CreateCandidatePage.java:142)\r\n\tat edu.bsuir.web.page.CreateCandidatePage$AjcClosure49.run(CreateCandidatePage.java:1)\r\n\tat org.aspectj.runtime.reflect.JoinPointImpl.proceed(JoinPointImpl.java:149)\r\n\tat io.qameta.allure.aspects.StepsAspects.step(StepsAspects.java:51)\r\n\tat edu.bsuir.web.page.CreateCandidatePage.getMail(CreateCandidatePage.java:142)\r\n\tat edu.bsuir.test.candidate.CreateCandidateTest.сheckCreateMailStartAndEndWithSpace(CreateCandidateTest.java:273)\r\n\tat sun.reflect.NativeMethodAccessorImpl.invoke0(Native Method)\r\n\tat sun.reflect.NativeMethodAccessorImpl.invoke(NativeMethodAccessorImpl.java:62)\r\n\tat sun.reflect.DelegatingMethodAccessorImpl.invoke(DelegatingMethodAccessorImpl.java:43)\r\n\tat java.lang.reflect.Method.invoke(Method.java:483)\r\n\tat org.junit.runners.model.FrameworkMethod$1.runReflectiveCall(FrameworkMethod.java:50)\r\n\tat org.junit.internal.runners.model.ReflectiveCallable.run(ReflectiveCallable.java:12)\r\n\tat org.junit.runners.model.FrameworkMethod.invokeExplosively(FrameworkMethod.java:47)\r\n\tat org.junit.internal.runners.statements.InvokeMethod.evaluate(InvokeMethod.java:17)\r\n\tat org.junit.internal.runners.statements.RunBefores.evaluate(RunBefores.java:26)\r\n\tat org.junit.internal.runners.statements.RunAfters.evaluate(RunAfters.java:27)\r\n\tat org.junit.runners.ParentRunner.runLeaf(ParentRunner.java:325)\r\n\tat org.junit.runners.BlockJUnit4ClassRunner.runChild(BlockJUnit4ClassRunner.java:78)\r\n\tat org.junit.runners.BlockJUnit4ClassRunner.runChild(BlockJUnit4ClassRunner.java:57)\r\n\tat org.junit.runners.ParentRunner$3.run(ParentRunner.java:290)\r\n\tat org.junit.runners.ParentRunner$1.schedule(ParentRunner.java:71)\r\n\tat org.junit.runners.ParentRunner.runChildren(ParentRunner.java:288)\r\n\tat org.junit.runners.ParentRunner.access$000(ParentRunner.java:58)\r\n\tat org.junit.runners.ParentRunner$2.evaluate(ParentRunner.java:268)\r\n\tat org.junit.runners.ParentRunner.run(ParentRunner.java:363)\r\n\tat org.apache.maven.surefire.junit4.JUnit4Provider.execute(JUnit4Provider.java:365)\r\n\tat org.apache.maven.surefire.junit4.JUnit4Provider.executeWithRerun(JUnit4Provider.java:272)\r\n\tat org.apache.maven.surefire.junit4.JUnit4Provider.executeTestSet(JUnit4Provider.java:236)\r\n\tat org.apache.maven.surefire.junit4.JUnit4Provider.invoke(JUnit4Provider.java:159)\r\n\tat org.apache.maven.surefire.booter.ForkedBooter.invokeProviderInSameClassLoader(ForkedBooter.java:386)\r\n\tat org.apache.maven.surefire.booter.ForkedBooter.runSuitesInProcess(ForkedBooter.java:323)\r\n\tat org.apache.maven.surefire.booter.ForkedBooter.main(ForkedBooter.java:143)\r\n",
        "flaky" : false
      },
      "hasContent" : false,
      "stepsCount" : 0,
      "attachmentsCount" : 0,
      "steps" : [ ],
      "attachments" : [ ],
      "parameters" : [ ]
    } ],
    "attachments" : [ ],
    "hasContent" : true,
    "stepsCount" : 15,
    "attachmentsCount" : 0
  },
  "afterStages" : [ ],
  "labels" : [ {
    "name" : "package",
    "value" : "edu.bsuir.test.candidate"
  }, {
    "name" : "testClass",
    "value" : "edu.bsuir.test.candidate.CreateCandidateTest"
  }, {
    "name" : "testMethod",
    "value" : "сheckCreateMailStartAndEndWithSpace"
  }, {
    "name" : "suite",
    "value" : "edu.bsuir.test.candidate.CreateCandidateTest"
  }, {
    "name" : "host",
    "value" : "Anya"
  }, {
    "name" : "thread",
    "value" : "10932@Anya.main(1)"
  }, {
    "name" : "feature",
    "value" : "Создание кандидата"
  }, {
    "name" : "story",
    "value" : "Сценарий 15 – Обязательные поля"
  }, {
    "name" : "severity",
    "value" : "normal"
  } ],
  "parameters" : [ ],
  "links" : [ ],
  "hidden" : false,
  "extra" : {
    "severity" : "normal",
    "categories" : [ {
      "name" : "Product defects"
    } ]
  }
}